2026-01-17 17:30:50,757 - INFO - Using TRIANGLE-BASED NLCE (order = number of triangles)
2026-01-17 17:30:50,757 - INFO -   Reference cluster counts: 1,1,3,5,12,35,98,299,... (OEIS A007854)
2026-01-17 17:30:50,758 - INFO - ================================================================================
2026-01-17 17:30:50,758 - INFO - Step 1: Generating triangle-based NLCE clusters (order = triangles)
2026-01-17 17:30:50,758 - INFO - ================================================================================
2026-01-17 17:30:50,758 - INFO - Running command: /home/pc_linux/ClassicalSpin_Cpp/pystandard/bin/python3 /home/pc_linux/exact_diagonalization_clean/exact_diagonalization_cpp/workflows/nlce/analysis/../run/../prep/generate_triangle_nlce_clusters.py --max_order=3 --output_dir=./triangle_nlce_convergence/order_3/clusters_order_3 --no_visualize
2026-01-17 17:30:51,197 - INFO - Cluster generation completed successfully.
2026-01-17 17:30:51,198 - INFO - Found 6 clusters to process.
2026-01-17 17:30:51,198 - INFO - ================================================================================
2026-01-17 17:30:51,198 - INFO - Step 2: Preparing Hamiltonian parameters for each cluster
2026-01-17 17:30:51,198 - INFO - Model: heisenberg, J1=1.0, J2=0.0, h=0.0
2026-01-17 17:30:51,198 - INFO - ================================================================================
2026-01-17 17:30:51,645 - INFO - ================================================================================
2026-01-17 17:30:51,646 - INFO - Step 3: Running Exact Diagonalization for each cluster
2026-01-17 17:30:51,646 - INFO - ================================================================================
2026-01-17 17:30:51,647 - INFO - Cluster 1 (1 sites, dim=2): Using FULL
2026-01-17 17:30:52,138 - INFO - Cluster 2 (3 sites, dim=8): Using FULL
2026-01-17 17:30:52,610 - INFO - Cluster 3 (5 sites, dim=32): Using FULL
2026-01-17 17:30:53,079 - INFO - Cluster 4 (7 sites, dim=128): Using FULL
2026-01-17 17:30:53,587 - INFO - Cluster 5 (7 sites, dim=128): Using FULL
2026-01-17 17:30:54,059 - INFO - Cluster 6 (6 sites, dim=64): Using FULL
2026-01-17 17:30:54,518 - INFO - ================================================================================
2026-01-17 17:30:54,519 - INFO - Step 4: Performing NLCE Summation
2026-01-17 17:30:54,519 - INFO - ================================================================================
2026-01-17 17:30:54,519 - INFO - Running command: /home/pc_linux/ClassicalSpin_Cpp/pystandard/bin/python3 /home/pc_linux/exact_diagonalization_clean/exact_diagonalization_cpp/workflows/nlce/analysis/../run/NLC_sum_triangular.py --cluster_dir=./triangle_nlce_convergence/order_3/clusters_order_3/cluster_info_order_3 --eigenvalue_dir=./triangle_nlce_convergence/order_3/ed_results_order_3 --output_dir=./triangle_nlce_convergence/order_3/nlc_results_order_3 --temp_min=0.1 --temp_max=10.0 --temp_bins=100 --max_order=3 --resummation=euler
2026-01-17 17:30:55,577 - INFO - NLCE summation completed successfully.
2026-01-17 17:30:55,577 - INFO - ================================================================================
2026-01-17 17:30:55,577 - INFO - NLCE workflow completed!
2026-01-17 17:30:55,577 - INFO - Results saved to: ./triangle_nlce_convergence/order_3
2026-01-17 17:30:55,578 - INFO - ================================================================================
