2025-12-21 06:35:38,717 - INFO - ================================================================================
2025-12-21 06:35:38,717 - INFO - NLCE Workflow with FTLM
2025-12-21 06:35:38,717 - INFO - ================================================================================
2025-12-21 06:35:38,717 - INFO - Max order: 2
2025-12-21 06:35:38,718 - INFO - FTLM samples: 2
2025-12-21 06:35:38,718 - INFO - Krylov dimension: 50
2025-12-21 06:35:38,718 - INFO - Temperature range: [0.1, 2.0]
2025-12-21 06:35:38,718 - INFO - ================================================================================
2025-12-21 06:35:38,725 - INFO - ================================================================================
2025-12-21 06:35:38,725 - INFO - Step 1: Generating topologically distinct clusters
2025-12-21 06:35:38,725 - INFO - ================================================================================
2025-12-21 06:35:38,725 - INFO - Running command: python3 /home/pc_linux/exact_diagonalization_clean/exact_diagonalization_cpp/workflows/nlce/analysis/../run/../prep/generate_pyrochlore_clusters.py --max_order=2 --output_dir=./nlce_ftlm_fit_work/run_bd021a6b/clusters_order_2 --subunit=site
2025-12-21 06:35:39,257 - INFO - Cluster generation completed successfully.
2025-12-21 06:35:39,258 - INFO - Found 2 clusters to process.
2025-12-21 06:35:39,258 - INFO - ================================================================================
2025-12-21 06:35:39,258 - INFO - Step 2: Preparing Hamiltonian parameters for each cluster
2025-12-21 06:35:39,258 - INFO - ================================================================================
2025-12-21 06:35:39,261 - INFO - Preparing Hamiltonian for cluster 1 (order 1)
2025-12-21 06:35:39,810 - INFO - Preparing Hamiltonian for cluster 2 (order 2)
2025-12-21 06:35:40,379 - INFO - ================================================================================
2025-12-21 06:35:40,380 - INFO - Step 3: Running FTLM for each cluster
2025-12-21 06:35:40,380 - INFO - ================================================================================
2025-12-21 06:35:41,426 - INFO - FTLM completed for cluster 1
2025-12-21 06:35:42,595 - INFO - FTLM completed for cluster 2
2025-12-21 06:35:42,596 - INFO - FTLM completed for 2 of 2 clusters
2025-12-21 06:35:42,596 - INFO - ================================================================================
2025-12-21 06:35:42,596 - INFO - Step 3.5: Plotting FTLM thermodynamic data for each cluster
2025-12-21 06:35:42,596 - INFO - ================================================================================
2025-12-21 06:35:43,140 - INFO - FTLM thermodynamic plots created for cluster 1
2025-12-21 06:35:43,517 - INFO - FTLM thermodynamic plots created for cluster 2
2025-12-21 06:35:43,517 - INFO - ================================================================================
2025-12-21 06:35:43,517 - INFO - Step 4: Performing NLCE summation
2025-12-21 06:35:43,517 - INFO - ================================================================================
2025-12-21 06:35:43,517 - INFO - Running command: python3 /home/pc_linux/exact_diagonalization_clean/exact_diagonalization_cpp/workflows/nlce/analysis/../run/NLC_sum_ftlm.py --cluster_dir=./nlce_ftlm_fit_work/run_bd021a6b/clusters_order_2/cluster_info_order_2 --ftlm_dir=./nlce_ftlm_fit_work/run_bd021a6b/ftlm_results_order_2 --output_dir=./nlce_ftlm_fit_work/run_bd021a6b/nlc_results_order_2 --plot --temp_min=0.1 --temp_max=2.0 --temp_bins=20 --resummation=auto --SI_units
2025-12-21 06:35:45,725 - INFO - NLCE summation completed successfully.
2025-12-21 06:35:45,725 - INFO - ================================================================================
2025-12-21 06:35:45,725 - INFO - NLCE FTLM workflow completed!
2025-12-21 06:35:45,726 - INFO - Results are available in ./nlce_ftlm_fit_work/run_bd021a6b
2025-12-21 06:35:45,726 - INFO - ================================================================================
