2025-12-21 06:35:51,357 - INFO - ================================================================================
2025-12-21 06:35:51,357 - INFO - NLCE Workflow with FTLM
2025-12-21 06:35:51,357 - INFO - ================================================================================
2025-12-21 06:35:51,357 - INFO - Max order: 2
2025-12-21 06:35:51,358 - INFO - FTLM samples: 2
2025-12-21 06:35:51,358 - INFO - Krylov dimension: 50
2025-12-21 06:35:51,358 - INFO - Temperature range: [0.1, 2.0]
2025-12-21 06:35:51,358 - INFO - ================================================================================
2025-12-21 06:35:51,359 - INFO - ================================================================================
2025-12-21 06:35:51,360 - INFO - Step 1: Generating topologically distinct clusters
2025-12-21 06:35:51,360 - INFO - ================================================================================
2025-12-21 06:35:51,360 - INFO - Running command: python3 /home/pc_linux/exact_diagonalization_clean/exact_diagonalization_cpp/workflows/nlce/analysis/../run/../prep/generate_pyrochlore_clusters.py --max_order=2 --output_dir=./nlce_ftlm_fit_work/run_c18e7b99/clusters_order_2 --subunit=site
2025-12-21 06:35:51,912 - INFO - Cluster generation completed successfully.
2025-12-21 06:35:51,912 - INFO - Found 2 clusters to process.
2025-12-21 06:35:51,913 - INFO - ================================================================================
2025-12-21 06:35:51,913 - INFO - Step 2: Preparing Hamiltonian parameters for each cluster
2025-12-21 06:35:51,913 - INFO - ================================================================================
2025-12-21 06:35:51,915 - INFO - Preparing Hamiltonian for cluster 1 (order 1)
2025-12-21 06:35:52,501 - INFO - Preparing Hamiltonian for cluster 2 (order 2)
2025-12-21 06:35:53,096 - INFO - ================================================================================
2025-12-21 06:35:53,096 - INFO - Step 3: Running FTLM for each cluster
2025-12-21 06:35:53,096 - INFO - ================================================================================
2025-12-21 06:35:54,186 - INFO - FTLM completed for cluster 1
2025-12-21 06:35:55,422 - INFO - FTLM completed for cluster 2
2025-12-21 06:35:55,422 - INFO - FTLM completed for 2 of 2 clusters
2025-12-21 06:35:55,423 - INFO - ================================================================================
2025-12-21 06:35:55,423 - INFO - Step 3.5: Plotting FTLM thermodynamic data for each cluster
2025-12-21 06:35:55,423 - INFO - ================================================================================
2025-12-21 06:35:55,983 - INFO - FTLM thermodynamic plots created for cluster 1
2025-12-21 06:35:56,360 - INFO - FTLM thermodynamic plots created for cluster 2
2025-12-21 06:35:56,360 - INFO - ================================================================================
2025-12-21 06:35:56,360 - INFO - Step 4: Performing NLCE summation
2025-12-21 06:35:56,360 - INFO - ================================================================================
2025-12-21 06:35:56,360 - INFO - Running command: python3 /home/pc_linux/exact_diagonalization_clean/exact_diagonalization_cpp/workflows/nlce/analysis/../run/NLC_sum_ftlm.py --cluster_dir=./nlce_ftlm_fit_work/run_c18e7b99/clusters_order_2/cluster_info_order_2 --ftlm_dir=./nlce_ftlm_fit_work/run_c18e7b99/ftlm_results_order_2 --output_dir=./nlce_ftlm_fit_work/run_c18e7b99/nlc_results_order_2 --plot --temp_min=0.1 --temp_max=2.0 --temp_bins=20 --resummation=auto --SI_units
2025-12-21 06:35:58,589 - INFO - NLCE summation completed successfully.
2025-12-21 06:35:58,590 - INFO - ================================================================================
2025-12-21 06:35:58,590 - INFO - NLCE FTLM workflow completed!
2025-12-21 06:35:58,590 - INFO - Results are available in ./nlce_ftlm_fit_work/run_c18e7b99
2025-12-21 06:35:58,590 - INFO - ================================================================================
