2025-12-21 06:33:11,396 - INFO - Skipping cluster generation step.
2025-12-21 06:33:11,397 - INFO - Found 2 clusters to process.
2025-12-21 06:33:11,397 - INFO - ================================================================================
2025-12-21 06:33:11,397 - INFO - Step 2: Preparing Hamiltonian parameters for each cluster
2025-12-21 06:33:11,397 - INFO - ================================================================================
2025-12-21 06:33:11,399 - INFO - Preparing Hamiltonian for cluster 1 (order 1)
2025-12-21 06:33:11,966 - INFO - Preparing Hamiltonian for cluster 2 (order 2)
2025-12-21 06:33:12,533 - INFO - ================================================================================
2025-12-21 06:33:12,533 - INFO - Step 3: Running Exact Diagonalization for each cluster
2025-12-21 06:33:12,533 - INFO - ================================================================================
2025-12-21 06:33:13,057 - ERROR - Error running ED for cluster 1: Command '['../../../build/ED', 'nlc_fit_work_dir/hamiltonians_order_2/cluster_1_order_1', '--method=FULL', '--eigenvalues=FULL', '--output=nlc_fit_work_dir/ed_results_order_2/cluster_1_order_1/output', '--num_sites=4', '--spin_length=0.5', '--symmetrized', '--thermo', '--temp_min=0.1', '--temp_max=2.0', '--temp_bins=20']' returned non-zero exit status 1.
2025-12-21 06:33:13,057 - ERROR - Stdout: ========================================
ED Configuration Summary
========================================

Method: FULL
System: 4 sites, spin = 0.5
Eigenvalues: 16 (tol=1e-10)
Output: nlc_fit_work_dir/ed_results_order_2/cluster_1_order_1/output
  - Running symmetrized diagonalization
  - Computing thermodynamics
========================================
Running automorphism finder: python /home/pc_linux/exact_diagonalization_clean/exact_diagonalization_cpp/include/ed/core/automorphism_finder.py --data_dir="nlc_fit_work_dir/hamiltonians_order_2/cluster_1_order_1"
Symmetrized basis (HDF5) not found. Generating...

=== Generating Symmetrized Basis (HDF5) ===

2025-12-21 06:33:13,057 - ERROR - Stderr: Error: Could not write config to nlc_fit_work_dir/ed_results_order_2/cluster_1_order_1/output/ed_config.txt
[DEBUG] exact_diagonalization_from_directory_symmetrized: num_sites=4, method=13
python: can't open file '/home/pc_linux/exact_diagonalization_clean/exact_diagonalization_cpp/include/ed/core/automorphism_finder.py': [Errno 2] No such file or directory
Warning: System command failed with code 512: python /home/pc_linux/exact_diagonalization_clean/exact_diagonalization_cpp/include/ed/core/automorphism_finder.py --data_dir="nlc_fit_work_dir/hamiltonians_order_2/cluster_1_order_1"
Warning: Automorphism finder failed

Error: Could not open max_clique.json: nlc_fit_work_dir/hamiltonians_order_2/cluster_1_order_1/automorphism_results/max_clique.json

2025-12-21 06:33:13,557 - ERROR - Error running ED for cluster 2: Command '['../../../build/ED', 'nlc_fit_work_dir/hamiltonians_order_2/cluster_2_order_2', '--method=FULL', '--eigenvalues=FULL', '--output=nlc_fit_work_dir/ed_results_order_2/cluster_2_order_2/output', '--num_sites=7', '--spin_length=0.5', '--symmetrized', '--thermo', '--temp_min=0.1', '--temp_max=2.0', '--temp_bins=20']' returned non-zero exit status 1.
2025-12-21 06:33:13,557 - ERROR - Stdout: ========================================
ED Configuration Summary
========================================

Method: FULL
System: 7 sites, spin = 0.5
Eigenvalues: 128 (tol=1e-10)
Output: nlc_fit_work_dir/ed_results_order_2/cluster_2_order_2/output
  - Running symmetrized diagonalization
  - Computing thermodynamics
========================================
Running automorphism finder: python /home/pc_linux/exact_diagonalization_clean/exact_diagonalization_cpp/include/ed/core/automorphism_finder.py --data_dir="nlc_fit_work_dir/hamiltonians_order_2/cluster_2_order_2"
Symmetrized basis (HDF5) not found. Generating...

=== Generating Symmetrized Basis (HDF5) ===

2025-12-21 06:33:13,557 - ERROR - Stderr: Error: Could not write config to nlc_fit_work_dir/ed_results_order_2/cluster_2_order_2/output/ed_config.txt
[DEBUG] exact_diagonalization_from_directory_symmetrized: num_sites=7, method=13
python: can't open file '/home/pc_linux/exact_diagonalization_clean/exact_diagonalization_cpp/include/ed/core/automorphism_finder.py': [Errno 2] No such file or directory
Warning: System command failed with code 512: python /home/pc_linux/exact_diagonalization_clean/exact_diagonalization_cpp/include/ed/core/automorphism_finder.py --data_dir="nlc_fit_work_dir/hamiltonians_order_2/cluster_2_order_2"
Warning: Automorphism finder failed

Error: Could not open max_clique.json: nlc_fit_work_dir/hamiltonians_order_2/cluster_2_order_2/automorphism_results/max_clique.json

2025-12-21 06:33:13,557 - INFO - ================================================================================
2025-12-21 06:33:13,557 - INFO - Step 3.5: Plotting thermodynamic data for each cluster
2025-12-21 06:33:13,557 - INFO - ================================================================================
2025-12-21 06:33:13,753 - WARNING - No thermodynamic data found for cluster 1
2025-12-21 06:33:13,753 - WARNING - No thermodynamic data found for cluster 2
2025-12-21 06:33:13,753 - INFO - ================================================================================
2025-12-21 06:33:13,753 - INFO - Step 4: Performing NLCE summation
2025-12-21 06:33:13,754 - INFO - ================================================================================
2025-12-21 06:33:13,754 - INFO - Running command: python3 /home/pc_linux/exact_diagonalization_clean/exact_diagonalization_cpp/workflows/nlce/analysis/../run/NLC_sum.py --cluster_dir=nlc_fit_work_dir/clusters_order_2/cluster_info_order_2 --eigenvalue_dir=nlc_fit_work_dir/ed_results_order_2 --output_dir=nlc_fit_work_dir/nlc_results_order_2 --plot --temp_min=0.1 --temp_max=2.0 --temp_bins=20 --resummation_method=auto --SI_units
2025-12-21 06:33:14,628 - INFO - NLCE summation completed successfully.
2025-12-21 06:33:14,628 - INFO - ================================================================================
2025-12-21 06:33:14,628 - INFO - NLCE workflow completed!
2025-12-21 06:33:14,628 - INFO - Results are available in nlc_fit_work_dir
2025-12-21 06:33:14,628 - INFO - ================================================================================
2025-12-21 06:33:15,445 - INFO - Skipping cluster generation step.
2025-12-21 06:33:15,447 - INFO - Found 2 clusters to process.
2025-12-21 06:33:15,448 - INFO - ================================================================================
2025-12-21 06:33:15,448 - INFO - Step 2: Preparing Hamiltonian parameters for each cluster
2025-12-21 06:33:15,448 - INFO - ================================================================================
2025-12-21 06:33:15,452 - INFO - Preparing Hamiltonian for cluster 1 (order 1)
2025-12-21 06:33:16,062 - INFO - Preparing Hamiltonian for cluster 2 (order 2)
2025-12-21 06:33:16,634 - INFO - ================================================================================
2025-12-21 06:33:16,634 - INFO - Step 3: Running Exact Diagonalization for each cluster
2025-12-21 06:33:16,634 - INFO - ================================================================================
2025-12-21 06:33:17,158 - ERROR - Error running ED for cluster 1: Command '['../../../build/ED', 'nlc_fit_work_dir/hamiltonians_order_2/cluster_1_order_1', '--method=FULL', '--eigenvalues=FULL', '--output=nlc_fit_work_dir/ed_results_order_2/cluster_1_order_1/output', '--num_sites=4', '--spin_length=0.5', '--symmetrized', '--thermo', '--temp_min=0.1', '--temp_max=2.0', '--temp_bins=20']' returned non-zero exit status 1.
2025-12-21 06:33:17,159 - ERROR - Stdout: ========================================
ED Configuration Summary
========================================

Method: FULL
System: 4 sites, spin = 0.5
Eigenvalues: 16 (tol=1e-10)
Output: nlc_fit_work_dir/ed_results_order_2/cluster_1_order_1/output
  - Running symmetrized diagonalization
  - Computing thermodynamics
========================================
Running automorphism finder: python /home/pc_linux/exact_diagonalization_clean/exact_diagonalization_cpp/include/ed/core/automorphism_finder.py --data_dir="nlc_fit_work_dir/hamiltonians_order_2/cluster_1_order_1"
Symmetrized basis (HDF5) not found. Generating...

=== Generating Symmetrized Basis (HDF5) ===

2025-12-21 06:33:17,159 - ERROR - Stderr: Error: Could not write config to nlc_fit_work_dir/ed_results_order_2/cluster_1_order_1/output/ed_config.txt
[DEBUG] exact_diagonalization_from_directory_symmetrized: num_sites=4, method=13
python: can't open file '/home/pc_linux/exact_diagonalization_clean/exact_diagonalization_cpp/include/ed/core/automorphism_finder.py': [Errno 2] No such file or directory
Warning: System command failed with code 512: python /home/pc_linux/exact_diagonalization_clean/exact_diagonalization_cpp/include/ed/core/automorphism_finder.py --data_dir="nlc_fit_work_dir/hamiltonians_order_2/cluster_1_order_1"
Warning: Automorphism finder failed

Error: Could not open max_clique.json: nlc_fit_work_dir/hamiltonians_order_2/cluster_1_order_1/automorphism_results/max_clique.json

2025-12-21 06:33:17,648 - ERROR - Error running ED for cluster 2: Command '['../../../build/ED', 'nlc_fit_work_dir/hamiltonians_order_2/cluster_2_order_2', '--method=FULL', '--eigenvalues=FULL', '--output=nlc_fit_work_dir/ed_results_order_2/cluster_2_order_2/output', '--num_sites=7', '--spin_length=0.5', '--symmetrized', '--thermo', '--temp_min=0.1', '--temp_max=2.0', '--temp_bins=20']' returned non-zero exit status 1.
2025-12-21 06:33:17,648 - ERROR - Stdout: ========================================
ED Configuration Summary
========================================

Method: FULL
System: 7 sites, spin = 0.5
Eigenvalues: 128 (tol=1e-10)
Output: nlc_fit_work_dir/ed_results_order_2/cluster_2_order_2/output
  - Running symmetrized diagonalization
  - Computing thermodynamics
========================================
Running automorphism finder: python /home/pc_linux/exact_diagonalization_clean/exact_diagonalization_cpp/include/ed/core/automorphism_finder.py --data_dir="nlc_fit_work_dir/hamiltonians_order_2/cluster_2_order_2"
Symmetrized basis (HDF5) not found. Generating...

=== Generating Symmetrized Basis (HDF5) ===

2025-12-21 06:33:17,648 - ERROR - Stderr: Error: Could not write config to nlc_fit_work_dir/ed_results_order_2/cluster_2_order_2/output/ed_config.txt
[DEBUG] exact_diagonalization_from_directory_symmetrized: num_sites=7, method=13
python: can't open file '/home/pc_linux/exact_diagonalization_clean/exact_diagonalization_cpp/include/ed/core/automorphism_finder.py': [Errno 2] No such file or directory
Warning: System command failed with code 512: python /home/pc_linux/exact_diagonalization_clean/exact_diagonalization_cpp/include/ed/core/automorphism_finder.py --data_dir="nlc_fit_work_dir/hamiltonians_order_2/cluster_2_order_2"
Warning: Automorphism finder failed

Error: Could not open max_clique.json: nlc_fit_work_dir/hamiltonians_order_2/cluster_2_order_2/automorphism_results/max_clique.json

2025-12-21 06:33:17,648 - INFO - ================================================================================
2025-12-21 06:33:17,648 - INFO - Step 3.5: Plotting thermodynamic data for each cluster
2025-12-21 06:33:17,648 - INFO - ================================================================================
2025-12-21 06:33:17,837 - WARNING - No thermodynamic data found for cluster 1
2025-12-21 06:33:17,837 - WARNING - No thermodynamic data found for cluster 2
2025-12-21 06:33:17,838 - INFO - ================================================================================
2025-12-21 06:33:17,838 - INFO - Step 4: Performing NLCE summation
2025-12-21 06:33:17,838 - INFO - ================================================================================
2025-12-21 06:33:17,838 - INFO - Running command: python3 /home/pc_linux/exact_diagonalization_clean/exact_diagonalization_cpp/workflows/nlce/analysis/../run/NLC_sum.py --cluster_dir=nlc_fit_work_dir/clusters_order_2/cluster_info_order_2 --eigenvalue_dir=nlc_fit_work_dir/ed_results_order_2 --output_dir=nlc_fit_work_dir/nlc_results_order_2 --plot --temp_min=0.1 --temp_max=2.0 --temp_bins=20 --resummation_method=auto --SI_units
2025-12-21 06:33:18,680 - INFO - NLCE summation completed successfully.
2025-12-21 06:33:18,680 - INFO - ================================================================================
2025-12-21 06:33:18,680 - INFO - NLCE workflow completed!
2025-12-21 06:33:18,680 - INFO - Results are available in nlc_fit_work_dir
2025-12-21 06:33:18,680 - INFO - ================================================================================
2025-12-21 06:33:19,400 - INFO - Skipping cluster generation step.
2025-12-21 06:33:19,401 - INFO - Found 2 clusters to process.
2025-12-21 06:33:19,401 - INFO - ================================================================================
2025-12-21 06:33:19,401 - INFO - Step 2: Preparing Hamiltonian parameters for each cluster
2025-12-21 06:33:19,401 - INFO - ================================================================================
2025-12-21 06:33:19,403 - INFO - Preparing Hamiltonian for cluster 1 (order 1)
2025-12-21 06:33:19,974 - INFO - Preparing Hamiltonian for cluster 2 (order 2)
2025-12-21 06:33:18,739 - INFO - ================================================================================
2025-12-21 06:33:18,739 - INFO - Step 3: Running Exact Diagonalization for each cluster
2025-12-21 06:33:18,739 - INFO - ================================================================================
2025-12-21 06:33:19,256 - ERROR - Error running ED for cluster 1: Command '['../../../build/ED', 'nlc_fit_work_dir/hamiltonians_order_2/cluster_1_order_1', '--method=FULL', '--eigenvalues=FULL', '--output=nlc_fit_work_dir/ed_results_order_2/cluster_1_order_1/output', '--num_sites=4', '--spin_length=0.5', '--symmetrized', '--thermo', '--temp_min=0.1', '--temp_max=2.0', '--temp_bins=20']' returned non-zero exit status 1.
2025-12-21 06:33:19,256 - ERROR - Stdout: ========================================
ED Configuration Summary
========================================

Method: FULL
System: 4 sites, spin = 0.5
Eigenvalues: 16 (tol=1e-10)
Output: nlc_fit_work_dir/ed_results_order_2/cluster_1_order_1/output
  - Running symmetrized diagonalization
  - Computing thermodynamics
========================================
Running automorphism finder: python /home/pc_linux/exact_diagonalization_clean/exact_diagonalization_cpp/include/ed/core/automorphism_finder.py --data_dir="nlc_fit_work_dir/hamiltonians_order_2/cluster_1_order_1"
Symmetrized basis (HDF5) not found. Generating...

=== Generating Symmetrized Basis (HDF5) ===

2025-12-21 06:33:19,256 - ERROR - Stderr: Error: Could not write config to nlc_fit_work_dir/ed_results_order_2/cluster_1_order_1/output/ed_config.txt
[DEBUG] exact_diagonalization_from_directory_symmetrized: num_sites=4, method=13
python: can't open file '/home/pc_linux/exact_diagonalization_clean/exact_diagonalization_cpp/include/ed/core/automorphism_finder.py': [Errno 2] No such file or directory
Warning: System command failed with code 512: python /home/pc_linux/exact_diagonalization_clean/exact_diagonalization_cpp/include/ed/core/automorphism_finder.py --data_dir="nlc_fit_work_dir/hamiltonians_order_2/cluster_1_order_1"
Warning: Automorphism finder failed

Error: Could not open max_clique.json: nlc_fit_work_dir/hamiltonians_order_2/cluster_1_order_1/automorphism_results/max_clique.json

2025-12-21 06:33:19,762 - ERROR - Error running ED for cluster 2: Command '['../../../build/ED', 'nlc_fit_work_dir/hamiltonians_order_2/cluster_2_order_2', '--method=FULL', '--eigenvalues=FULL', '--output=nlc_fit_work_dir/ed_results_order_2/cluster_2_order_2/output', '--num_sites=7', '--spin_length=0.5', '--symmetrized', '--thermo', '--temp_min=0.1', '--temp_max=2.0', '--temp_bins=20']' returned non-zero exit status 1.
2025-12-21 06:33:19,762 - ERROR - Stdout: ========================================
ED Configuration Summary
========================================

Method: FULL
System: 7 sites, spin = 0.5
Eigenvalues: 128 (tol=1e-10)
Output: nlc_fit_work_dir/ed_results_order_2/cluster_2_order_2/output
  - Running symmetrized diagonalization
  - Computing thermodynamics
========================================
Running automorphism finder: python /home/pc_linux/exact_diagonalization_clean/exact_diagonalization_cpp/include/ed/core/automorphism_finder.py --data_dir="nlc_fit_work_dir/hamiltonians_order_2/cluster_2_order_2"
Symmetrized basis (HDF5) not found. Generating...

=== Generating Symmetrized Basis (HDF5) ===

2025-12-21 06:33:19,762 - ERROR - Stderr: Error: Could not write config to nlc_fit_work_dir/ed_results_order_2/cluster_2_order_2/output/ed_config.txt
[DEBUG] exact_diagonalization_from_directory_symmetrized: num_sites=7, method=13
python: can't open file '/home/pc_linux/exact_diagonalization_clean/exact_diagonalization_cpp/include/ed/core/automorphism_finder.py': [Errno 2] No such file or directory
Warning: System command failed with code 512: python /home/pc_linux/exact_diagonalization_clean/exact_diagonalization_cpp/include/ed/core/automorphism_finder.py --data_dir="nlc_fit_work_dir/hamiltonians_order_2/cluster_2_order_2"
Warning: Automorphism finder failed

Error: Could not open max_clique.json: nlc_fit_work_dir/hamiltonians_order_2/cluster_2_order_2/automorphism_results/max_clique.json

2025-12-21 06:33:19,762 - INFO - ================================================================================
2025-12-21 06:33:19,762 - INFO - Step 3.5: Plotting thermodynamic data for each cluster
2025-12-21 06:33:19,762 - INFO - ================================================================================
2025-12-21 06:33:19,961 - WARNING - No thermodynamic data found for cluster 1
2025-12-21 06:33:19,961 - WARNING - No thermodynamic data found for cluster 2
2025-12-21 06:33:19,961 - INFO - ================================================================================
2025-12-21 06:33:19,961 - INFO - Step 4: Performing NLCE summation
2025-12-21 06:33:19,961 - INFO - ================================================================================
2025-12-21 06:33:19,961 - INFO - Running command: python3 /home/pc_linux/exact_diagonalization_clean/exact_diagonalization_cpp/workflows/nlce/analysis/../run/NLC_sum.py --cluster_dir=nlc_fit_work_dir/clusters_order_2/cluster_info_order_2 --eigenvalue_dir=nlc_fit_work_dir/ed_results_order_2 --output_dir=nlc_fit_work_dir/nlc_results_order_2 --plot --temp_min=0.1 --temp_max=2.0 --temp_bins=20 --resummation_method=auto --SI_units
2025-12-21 06:33:20,821 - INFO - NLCE summation completed successfully.
2025-12-21 06:33:20,821 - INFO - ================================================================================
2025-12-21 06:33:20,821 - INFO - NLCE workflow completed!
2025-12-21 06:33:20,821 - INFO - Results are available in nlc_fit_work_dir
2025-12-21 06:33:20,821 - INFO - ================================================================================
2025-12-21 06:33:21,587 - INFO - Skipping cluster generation step.
2025-12-21 06:33:21,588 - INFO - Found 2 clusters to process.
2025-12-21 06:33:21,588 - INFO - ================================================================================
2025-12-21 06:33:21,588 - INFO - Step 2: Preparing Hamiltonian parameters for each cluster
2025-12-21 06:33:21,588 - INFO - ================================================================================
2025-12-21 06:33:21,597 - INFO - Preparing Hamiltonian for cluster 1 (order 1)
2025-12-21 06:33:22,131 - INFO - Preparing Hamiltonian for cluster 2 (order 2)
2025-12-21 06:33:22,692 - INFO - ================================================================================
2025-12-21 06:33:22,692 - INFO - Step 3: Running Exact Diagonalization for each cluster
2025-12-21 06:33:22,692 - INFO - ================================================================================
2025-12-21 06:33:23,192 - ERROR - Error running ED for cluster 1: Command '['../../../build/ED', 'nlc_fit_work_dir/hamiltonians_order_2/cluster_1_order_1', '--method=FULL', '--eigenvalues=FULL', '--output=nlc_fit_work_dir/ed_results_order_2/cluster_1_order_1/output', '--num_sites=4', '--spin_length=0.5', '--symmetrized', '--thermo', '--temp_min=0.1', '--temp_max=2.0', '--temp_bins=20']' returned non-zero exit status 1.
2025-12-21 06:33:23,192 - ERROR - Stdout: ========================================
ED Configuration Summary
========================================

Method: FULL
System: 4 sites, spin = 0.5
Eigenvalues: 16 (tol=1e-10)
Output: nlc_fit_work_dir/ed_results_order_2/cluster_1_order_1/output
  - Running symmetrized diagonalization
  - Computing thermodynamics
========================================
Running automorphism finder: python /home/pc_linux/exact_diagonalization_clean/exact_diagonalization_cpp/include/ed/core/automorphism_finder.py --data_dir="nlc_fit_work_dir/hamiltonians_order_2/cluster_1_order_1"
Symmetrized basis (HDF5) not found. Generating...

=== Generating Symmetrized Basis (HDF5) ===

2025-12-21 06:33:23,193 - ERROR - Stderr: Error: Could not write config to nlc_fit_work_dir/ed_results_order_2/cluster_1_order_1/output/ed_config.txt
[DEBUG] exact_diagonalization_from_directory_symmetrized: num_sites=4, method=13
python: can't open file '/home/pc_linux/exact_diagonalization_clean/exact_diagonalization_cpp/include/ed/core/automorphism_finder.py': [Errno 2] No such file or directory
Warning: System command failed with code 512: python /home/pc_linux/exact_diagonalization_clean/exact_diagonalization_cpp/include/ed/core/automorphism_finder.py --data_dir="nlc_fit_work_dir/hamiltonians_order_2/cluster_1_order_1"
Warning: Automorphism finder failed

Error: Could not open max_clique.json: nlc_fit_work_dir/hamiltonians_order_2/cluster_1_order_1/automorphism_results/max_clique.json

2025-12-21 06:33:23,687 - ERROR - Error running ED for cluster 2: Command '['../../../build/ED', 'nlc_fit_work_dir/hamiltonians_order_2/cluster_2_order_2', '--method=FULL', '--eigenvalues=FULL', '--output=nlc_fit_work_dir/ed_results_order_2/cluster_2_order_2/output', '--num_sites=7', '--spin_length=0.5', '--symmetrized', '--thermo', '--temp_min=0.1', '--temp_max=2.0', '--temp_bins=20']' returned non-zero exit status 1.
2025-12-21 06:33:23,687 - ERROR - Stdout: ========================================
ED Configuration Summary
========================================

Method: FULL
System: 7 sites, spin = 0.5
Eigenvalues: 128 (tol=1e-10)
Output: nlc_fit_work_dir/ed_results_order_2/cluster_2_order_2/output
  - Running symmetrized diagonalization
  - Computing thermodynamics
========================================
Running automorphism finder: python /home/pc_linux/exact_diagonalization_clean/exact_diagonalization_cpp/include/ed/core/automorphism_finder.py --data_dir="nlc_fit_work_dir/hamiltonians_order_2/cluster_2_order_2"
Symmetrized basis (HDF5) not found. Generating...

=== Generating Symmetrized Basis (HDF5) ===

2025-12-21 06:33:23,687 - ERROR - Stderr: Error: Could not write config to nlc_fit_work_dir/ed_results_order_2/cluster_2_order_2/output/ed_config.txt
[DEBUG] exact_diagonalization_from_directory_symmetrized: num_sites=7, method=13
python: can't open file '/home/pc_linux/exact_diagonalization_clean/exact_diagonalization_cpp/include/ed/core/automorphism_finder.py': [Errno 2] No such file or directory
Warning: System command failed with code 512: python /home/pc_linux/exact_diagonalization_clean/exact_diagonalization_cpp/include/ed/core/automorphism_finder.py --data_dir="nlc_fit_work_dir/hamiltonians_order_2/cluster_2_order_2"
Warning: Automorphism finder failed

Error: Could not open max_clique.json: nlc_fit_work_dir/hamiltonians_order_2/cluster_2_order_2/automorphism_results/max_clique.json

2025-12-21 06:33:23,687 - INFO - ================================================================================
2025-12-21 06:33:23,687 - INFO - Step 3.5: Plotting thermodynamic data for each cluster
2025-12-21 06:33:23,687 - INFO - ================================================================================
2025-12-21 06:33:23,883 - WARNING - No thermodynamic data found for cluster 1
2025-12-21 06:33:23,883 - WARNING - No thermodynamic data found for cluster 2
2025-12-21 06:33:23,884 - INFO - ================================================================================
2025-12-21 06:33:23,884 - INFO - Step 4: Performing NLCE summation
2025-12-21 06:33:23,884 - INFO - ================================================================================
2025-12-21 06:33:23,884 - INFO - Running command: python3 /home/pc_linux/exact_diagonalization_clean/exact_diagonalization_cpp/workflows/nlce/analysis/../run/NLC_sum.py --cluster_dir=nlc_fit_work_dir/clusters_order_2/cluster_info_order_2 --eigenvalue_dir=nlc_fit_work_dir/ed_results_order_2 --output_dir=nlc_fit_work_dir/nlc_results_order_2 --plot --temp_min=0.1 --temp_max=2.0 --temp_bins=20 --resummation_method=auto --SI_units
2025-12-21 06:33:24,735 - INFO - NLCE summation completed successfully.
2025-12-21 06:33:24,735 - INFO - ================================================================================
2025-12-21 06:33:24,735 - INFO - NLCE workflow completed!
2025-12-21 06:33:24,735 - INFO - Results are available in nlc_fit_work_dir
2025-12-21 06:33:24,735 - INFO - ================================================================================
2025-12-21 06:33:25,473 - INFO - Skipping cluster generation step.
2025-12-21 06:33:25,473 - INFO - Found 2 clusters to process.
2025-12-21 06:33:25,473 - INFO - ================================================================================
2025-12-21 06:33:25,473 - INFO - Step 2: Preparing Hamiltonian parameters for each cluster
2025-12-21 06:33:25,473 - INFO - ================================================================================
2025-12-21 06:33:25,477 - INFO - Preparing Hamiltonian for cluster 1 (order 1)
2025-12-21 06:33:26,025 - INFO - Preparing Hamiltonian for cluster 2 (order 2)
2025-12-21 06:33:26,622 - INFO - ================================================================================
2025-12-21 06:33:26,622 - INFO - Step 3: Running Exact Diagonalization for each cluster
2025-12-21 06:33:26,622 - INFO - ================================================================================
2025-12-21 06:33:27,154 - ERROR - Error running ED for cluster 1: Command '['../../../build/ED', 'nlc_fit_work_dir/hamiltonians_order_2/cluster_1_order_1', '--method=FULL', '--eigenvalues=FULL', '--output=nlc_fit_work_dir/ed_results_order_2/cluster_1_order_1/output', '--num_sites=4', '--spin_length=0.5', '--symmetrized', '--thermo', '--temp_min=0.1', '--temp_max=2.0', '--temp_bins=20']' returned non-zero exit status 1.
2025-12-21 06:33:27,154 - ERROR - Stdout: ========================================
ED Configuration Summary
========================================

Method: FULL
System: 4 sites, spin = 0.5
Eigenvalues: 16 (tol=1e-10)
Output: nlc_fit_work_dir/ed_results_order_2/cluster_1_order_1/output
  - Running symmetrized diagonalization
  - Computing thermodynamics
========================================
Running automorphism finder: python /home/pc_linux/exact_diagonalization_clean/exact_diagonalization_cpp/include/ed/core/automorphism_finder.py --data_dir="nlc_fit_work_dir/hamiltonians_order_2/cluster_1_order_1"
Symmetrized basis (HDF5) not found. Generating...

=== Generating Symmetrized Basis (HDF5) ===

2025-12-21 06:33:27,154 - ERROR - Stderr: Error: Could not write config to nlc_fit_work_dir/ed_results_order_2/cluster_1_order_1/output/ed_config.txt
[DEBUG] exact_diagonalization_from_directory_symmetrized: num_sites=4, method=13
python: can't open file '/home/pc_linux/exact_diagonalization_clean/exact_diagonalization_cpp/include/ed/core/automorphism_finder.py': [Errno 2] No such file or directory
Warning: System command failed with code 512: python /home/pc_linux/exact_diagonalization_clean/exact_diagonalization_cpp/include/ed/core/automorphism_finder.py --data_dir="nlc_fit_work_dir/hamiltonians_order_2/cluster_1_order_1"
Warning: Automorphism finder failed

Error: Could not open max_clique.json: nlc_fit_work_dir/hamiltonians_order_2/cluster_1_order_1/automorphism_results/max_clique.json

2025-12-21 06:33:27,656 - ERROR - Error running ED for cluster 2: Command '['../../../build/ED', 'nlc_fit_work_dir/hamiltonians_order_2/cluster_2_order_2', '--method=FULL', '--eigenvalues=FULL', '--output=nlc_fit_work_dir/ed_results_order_2/cluster_2_order_2/output', '--num_sites=7', '--spin_length=0.5', '--symmetrized', '--thermo', '--temp_min=0.1', '--temp_max=2.0', '--temp_bins=20']' returned non-zero exit status 1.
2025-12-21 06:33:27,656 - ERROR - Stdout: ========================================
ED Configuration Summary
========================================

Method: FULL
System: 7 sites, spin = 0.5
Eigenvalues: 128 (tol=1e-10)
Output: nlc_fit_work_dir/ed_results_order_2/cluster_2_order_2/output
  - Running symmetrized diagonalization
  - Computing thermodynamics
========================================
Running automorphism finder: python /home/pc_linux/exact_diagonalization_clean/exact_diagonalization_cpp/include/ed/core/automorphism_finder.py --data_dir="nlc_fit_work_dir/hamiltonians_order_2/cluster_2_order_2"
Symmetrized basis (HDF5) not found. Generating...

=== Generating Symmetrized Basis (HDF5) ===

2025-12-21 06:33:27,656 - ERROR - Stderr: Error: Could not write config to nlc_fit_work_dir/ed_results_order_2/cluster_2_order_2/output/ed_config.txt
[DEBUG] exact_diagonalization_from_directory_symmetrized: num_sites=7, method=13
python: can't open file '/home/pc_linux/exact_diagonalization_clean/exact_diagonalization_cpp/include/ed/core/automorphism_finder.py': [Errno 2] No such file or directory
Warning: System command failed with code 512: python /home/pc_linux/exact_diagonalization_clean/exact_diagonalization_cpp/include/ed/core/automorphism_finder.py --data_dir="nlc_fit_work_dir/hamiltonians_order_2/cluster_2_order_2"
Warning: Automorphism finder failed

Error: Could not open max_clique.json: nlc_fit_work_dir/hamiltonians_order_2/cluster_2_order_2/automorphism_results/max_clique.json

2025-12-21 06:33:27,656 - INFO - ================================================================================
2025-12-21 06:33:27,656 - INFO - Step 3.5: Plotting thermodynamic data for each cluster
2025-12-21 06:33:27,656 - INFO - ================================================================================
2025-12-21 06:33:27,846 - WARNING - No thermodynamic data found for cluster 1
2025-12-21 06:33:27,847 - WARNING - No thermodynamic data found for cluster 2
2025-12-21 06:33:27,847 - INFO - ================================================================================
2025-12-21 06:33:27,847 - INFO - Step 4: Performing NLCE summation
2025-12-21 06:33:27,847 - INFO - ================================================================================
2025-12-21 06:33:27,847 - INFO - Running command: python3 /home/pc_linux/exact_diagonalization_clean/exact_diagonalization_cpp/workflows/nlce/analysis/../run/NLC_sum.py --cluster_dir=nlc_fit_work_dir/clusters_order_2/cluster_info_order_2 --eigenvalue_dir=nlc_fit_work_dir/ed_results_order_2 --output_dir=nlc_fit_work_dir/nlc_results_order_2 --plot --temp_min=0.1 --temp_max=2.0 --temp_bins=20 --resummation_method=auto --SI_units
2025-12-21 06:33:28,686 - INFO - NLCE summation completed successfully.
2025-12-21 06:33:28,686 - INFO - ================================================================================
2025-12-21 06:33:28,686 - INFO - NLCE workflow completed!
2025-12-21 06:33:28,686 - INFO - Results are available in nlc_fit_work_dir
2025-12-21 06:33:28,686 - INFO - ================================================================================
2025-12-21 06:33:29,472 - INFO - Skipping cluster generation step.
2025-12-21 06:33:29,472 - INFO - Found 2 clusters to process.
2025-12-21 06:33:29,472 - INFO - ================================================================================
2025-12-21 06:33:29,472 - INFO - Step 2: Preparing Hamiltonian parameters for each cluster
2025-12-21 06:33:29,472 - INFO - ================================================================================
2025-12-21 06:33:29,481 - INFO - Preparing Hamiltonian for cluster 1 (order 1)
2025-12-21 06:33:30,031 - INFO - Preparing Hamiltonian for cluster 2 (order 2)
2025-12-21 06:33:30,617 - INFO - ================================================================================
2025-12-21 06:33:30,617 - INFO - Step 3: Running Exact Diagonalization for each cluster
2025-12-21 06:33:30,617 - INFO - ================================================================================
2025-12-21 06:33:31,177 - ERROR - Error running ED for cluster 1: Command '['../../../build/ED', 'nlc_fit_work_dir/hamiltonians_order_2/cluster_1_order_1', '--method=FULL', '--eigenvalues=FULL', '--output=nlc_fit_work_dir/ed_results_order_2/cluster_1_order_1/output', '--num_sites=4', '--spin_length=0.5', '--symmetrized', '--thermo', '--temp_min=0.1', '--temp_max=2.0', '--temp_bins=20']' returned non-zero exit status 1.
2025-12-21 06:33:31,177 - ERROR - Stdout: ========================================
ED Configuration Summary
========================================

Method: FULL
System: 4 sites, spin = 0.5
Eigenvalues: 16 (tol=1e-10)
Output: nlc_fit_work_dir/ed_results_order_2/cluster_1_order_1/output
  - Running symmetrized diagonalization
  - Computing thermodynamics
========================================
Running automorphism finder: python /home/pc_linux/exact_diagonalization_clean/exact_diagonalization_cpp/include/ed/core/automorphism_finder.py --data_dir="nlc_fit_work_dir/hamiltonians_order_2/cluster_1_order_1"
Symmetrized basis (HDF5) not found. Generating...

=== Generating Symmetrized Basis (HDF5) ===

2025-12-21 06:33:31,177 - ERROR - Stderr: Error: Could not write config to nlc_fit_work_dir/ed_results_order_2/cluster_1_order_1/output/ed_config.txt
[DEBUG] exact_diagonalization_from_directory_symmetrized: num_sites=4, method=13
python: can't open file '/home/pc_linux/exact_diagonalization_clean/exact_diagonalization_cpp/include/ed/core/automorphism_finder.py': [Errno 2] No such file or directory
Warning: System command failed with code 512: python /home/pc_linux/exact_diagonalization_clean/exact_diagonalization_cpp/include/ed/core/automorphism_finder.py --data_dir="nlc_fit_work_dir/hamiltonians_order_2/cluster_1_order_1"
Warning: Automorphism finder failed

Error: Could not open max_clique.json: nlc_fit_work_dir/hamiltonians_order_2/cluster_1_order_1/automorphism_results/max_clique.json

2025-12-21 06:33:31,678 - ERROR - Error running ED for cluster 2: Command '['../../../build/ED', 'nlc_fit_work_dir/hamiltonians_order_2/cluster_2_order_2', '--method=FULL', '--eigenvalues=FULL', '--output=nlc_fit_work_dir/ed_results_order_2/cluster_2_order_2/output', '--num_sites=7', '--spin_length=0.5', '--symmetrized', '--thermo', '--temp_min=0.1', '--temp_max=2.0', '--temp_bins=20']' returned non-zero exit status 1.
2025-12-21 06:33:31,678 - ERROR - Stdout: ========================================
ED Configuration Summary
========================================

Method: FULL
System: 7 sites, spin = 0.5
Eigenvalues: 128 (tol=1e-10)
Output: nlc_fit_work_dir/ed_results_order_2/cluster_2_order_2/output
  - Running symmetrized diagonalization
  - Computing thermodynamics
========================================
Running automorphism finder: python /home/pc_linux/exact_diagonalization_clean/exact_diagonalization_cpp/include/ed/core/automorphism_finder.py --data_dir="nlc_fit_work_dir/hamiltonians_order_2/cluster_2_order_2"
Symmetrized basis (HDF5) not found. Generating...

=== Generating Symmetrized Basis (HDF5) ===

2025-12-21 06:33:31,678 - ERROR - Stderr: Error: Could not write config to nlc_fit_work_dir/ed_results_order_2/cluster_2_order_2/output/ed_config.txt
[DEBUG] exact_diagonalization_from_directory_symmetrized: num_sites=7, method=13
python: can't open file '/home/pc_linux/exact_diagonalization_clean/exact_diagonalization_cpp/include/ed/core/automorphism_finder.py': [Errno 2] No such file or directory
Warning: System command failed with code 512: python /home/pc_linux/exact_diagonalization_clean/exact_diagonalization_cpp/include/ed/core/automorphism_finder.py --data_dir="nlc_fit_work_dir/hamiltonians_order_2/cluster_2_order_2"
Warning: Automorphism finder failed

Error: Could not open max_clique.json: nlc_fit_work_dir/hamiltonians_order_2/cluster_2_order_2/automorphism_results/max_clique.json

2025-12-21 06:33:31,678 - INFO - ================================================================================
2025-12-21 06:33:31,678 - INFO - Step 3.5: Plotting thermodynamic data for each cluster
2025-12-21 06:33:31,678 - INFO - ================================================================================
2025-12-21 06:33:31,882 - WARNING - No thermodynamic data found for cluster 1
2025-12-21 06:33:31,882 - WARNING - No thermodynamic data found for cluster 2
2025-12-21 06:33:31,883 - INFO - ================================================================================
2025-12-21 06:33:31,883 - INFO - Step 4: Performing NLCE summation
2025-12-21 06:33:31,883 - INFO - ================================================================================
2025-12-21 06:33:31,883 - INFO - Running command: python3 /home/pc_linux/exact_diagonalization_clean/exact_diagonalization_cpp/workflows/nlce/analysis/../run/NLC_sum.py --cluster_dir=nlc_fit_work_dir/clusters_order_2/cluster_info_order_2 --eigenvalue_dir=nlc_fit_work_dir/ed_results_order_2 --output_dir=nlc_fit_work_dir/nlc_results_order_2 --plot --temp_min=0.1 --temp_max=2.0 --temp_bins=20 --resummation_method=auto --SI_units
2025-12-21 06:33:32,708 - INFO - NLCE summation completed successfully.
2025-12-21 06:33:32,708 - INFO - ================================================================================
2025-12-21 06:33:32,708 - INFO - NLCE workflow completed!
2025-12-21 06:33:32,708 - INFO - Results are available in nlc_fit_work_dir
2025-12-21 06:33:32,708 - INFO - ================================================================================
2025-12-21 06:33:33,448 - INFO - Skipping cluster generation step.
2025-12-21 06:33:33,448 - INFO - Found 2 clusters to process.
2025-12-21 06:33:33,448 - INFO - ================================================================================
2025-12-21 06:33:33,448 - INFO - Step 2: Preparing Hamiltonian parameters for each cluster
2025-12-21 06:33:33,448 - INFO - ================================================================================
2025-12-21 06:33:33,457 - INFO - Preparing Hamiltonian for cluster 1 (order 1)
2025-12-21 06:33:33,999 - INFO - Preparing Hamiltonian for cluster 2 (order 2)
2025-12-21 06:33:34,569 - INFO - ================================================================================
2025-12-21 06:33:34,569 - INFO - Step 3: Running Exact Diagonalization for each cluster
2025-12-21 06:33:34,569 - INFO - ================================================================================
2025-12-21 06:33:35,097 - ERROR - Error running ED for cluster 1: Command '['../../../build/ED', 'nlc_fit_work_dir/hamiltonians_order_2/cluster_1_order_1', '--method=FULL', '--eigenvalues=FULL', '--output=nlc_fit_work_dir/ed_results_order_2/cluster_1_order_1/output', '--num_sites=4', '--spin_length=0.5', '--symmetrized', '--thermo', '--temp_min=0.1', '--temp_max=2.0', '--temp_bins=20']' returned non-zero exit status 1.
2025-12-21 06:33:35,097 - ERROR - Stdout: ========================================
ED Configuration Summary
========================================

Method: FULL
System: 4 sites, spin = 0.5
Eigenvalues: 16 (tol=1e-10)
Output: nlc_fit_work_dir/ed_results_order_2/cluster_1_order_1/output
  - Running symmetrized diagonalization
  - Computing thermodynamics
========================================
Running automorphism finder: python /home/pc_linux/exact_diagonalization_clean/exact_diagonalization_cpp/include/ed/core/automorphism_finder.py --data_dir="nlc_fit_work_dir/hamiltonians_order_2/cluster_1_order_1"
Symmetrized basis (HDF5) not found. Generating...

=== Generating Symmetrized Basis (HDF5) ===

2025-12-21 06:33:35,097 - ERROR - Stderr: Error: Could not write config to nlc_fit_work_dir/ed_results_order_2/cluster_1_order_1/output/ed_config.txt
[DEBUG] exact_diagonalization_from_directory_symmetrized: num_sites=4, method=13
python: can't open file '/home/pc_linux/exact_diagonalization_clean/exact_diagonalization_cpp/include/ed/core/automorphism_finder.py': [Errno 2] No such file or directory
Warning: System command failed with code 512: python /home/pc_linux/exact_diagonalization_clean/exact_diagonalization_cpp/include/ed/core/automorphism_finder.py --data_dir="nlc_fit_work_dir/hamiltonians_order_2/cluster_1_order_1"
Warning: Automorphism finder failed

Error: Could not open max_clique.json: nlc_fit_work_dir/hamiltonians_order_2/cluster_1_order_1/automorphism_results/max_clique.json

2025-12-21 06:33:35,599 - ERROR - Error running ED for cluster 2: Command '['../../../build/ED', 'nlc_fit_work_dir/hamiltonians_order_2/cluster_2_order_2', '--method=FULL', '--eigenvalues=FULL', '--output=nlc_fit_work_dir/ed_results_order_2/cluster_2_order_2/output', '--num_sites=7', '--spin_length=0.5', '--symmetrized', '--thermo', '--temp_min=0.1', '--temp_max=2.0', '--temp_bins=20']' returned non-zero exit status 1.
2025-12-21 06:33:35,599 - ERROR - Stdout: ========================================
ED Configuration Summary
========================================

Method: FULL
System: 7 sites, spin = 0.5
Eigenvalues: 128 (tol=1e-10)
Output: nlc_fit_work_dir/ed_results_order_2/cluster_2_order_2/output
  - Running symmetrized diagonalization
  - Computing thermodynamics
========================================
Running automorphism finder: python /home/pc_linux/exact_diagonalization_clean/exact_diagonalization_cpp/include/ed/core/automorphism_finder.py --data_dir="nlc_fit_work_dir/hamiltonians_order_2/cluster_2_order_2"
Symmetrized basis (HDF5) not found. Generating...

=== Generating Symmetrized Basis (HDF5) ===

2025-12-21 06:33:35,599 - ERROR - Stderr: Error: Could not write config to nlc_fit_work_dir/ed_results_order_2/cluster_2_order_2/output/ed_config.txt
[DEBUG] exact_diagonalization_from_directory_symmetrized: num_sites=7, method=13
python: can't open file '/home/pc_linux/exact_diagonalization_clean/exact_diagonalization_cpp/include/ed/core/automorphism_finder.py': [Errno 2] No such file or directory
Warning: System command failed with code 512: python /home/pc_linux/exact_diagonalization_clean/exact_diagonalization_cpp/include/ed/core/automorphism_finder.py --data_dir="nlc_fit_work_dir/hamiltonians_order_2/cluster_2_order_2"
Warning: Automorphism finder failed

Error: Could not open max_clique.json: nlc_fit_work_dir/hamiltonians_order_2/cluster_2_order_2/automorphism_results/max_clique.json

2025-12-21 06:33:35,599 - INFO - ================================================================================
2025-12-21 06:33:35,599 - INFO - Step 3.5: Plotting thermodynamic data for each cluster
2025-12-21 06:33:35,600 - INFO - ================================================================================
2025-12-21 06:33:35,799 - WARNING - No thermodynamic data found for cluster 1
2025-12-21 06:33:35,799 - WARNING - No thermodynamic data found for cluster 2
2025-12-21 06:33:35,799 - INFO - ================================================================================
2025-12-21 06:33:35,800 - INFO - Step 4: Performing NLCE summation
2025-12-21 06:33:35,800 - INFO - ================================================================================
2025-12-21 06:33:35,800 - INFO - Running command: python3 /home/pc_linux/exact_diagonalization_clean/exact_diagonalization_cpp/workflows/nlce/analysis/../run/NLC_sum.py --cluster_dir=nlc_fit_work_dir/clusters_order_2/cluster_info_order_2 --eigenvalue_dir=nlc_fit_work_dir/ed_results_order_2 --output_dir=nlc_fit_work_dir/nlc_results_order_2 --plot --temp_min=0.1 --temp_max=2.0 --temp_bins=20 --resummation_method=auto --SI_units
2025-12-21 06:33:36,674 - INFO - NLCE summation completed successfully.
2025-12-21 06:33:36,674 - INFO - ================================================================================
2025-12-21 06:33:36,674 - INFO - NLCE workflow completed!
2025-12-21 06:33:36,674 - INFO - Results are available in nlc_fit_work_dir
2025-12-21 06:33:36,675 - INFO - ================================================================================
2025-12-21 06:33:37,381 - INFO - Skipping cluster generation step.
2025-12-21 06:33:37,382 - INFO - Found 2 clusters to process.
2025-12-21 06:33:37,382 - INFO - ================================================================================
2025-12-21 06:33:37,382 - INFO - Step 2: Preparing Hamiltonian parameters for each cluster
2025-12-21 06:33:37,382 - INFO - ================================================================================
2025-12-21 06:33:37,384 - INFO - Preparing Hamiltonian for cluster 1 (order 1)
2025-12-21 06:33:37,945 - INFO - Preparing Hamiltonian for cluster 2 (order 2)
2025-12-21 06:33:38,558 - INFO - ================================================================================
2025-12-21 06:33:38,558 - INFO - Step 3: Running Exact Diagonalization for each cluster
2025-12-21 06:33:38,559 - INFO - ================================================================================
2025-12-21 06:33:39,096 - ERROR - Error running ED for cluster 1: Command '['../../../build/ED', 'nlc_fit_work_dir/hamiltonians_order_2/cluster_1_order_1', '--method=FULL', '--eigenvalues=FULL', '--output=nlc_fit_work_dir/ed_results_order_2/cluster_1_order_1/output', '--num_sites=4', '--spin_length=0.5', '--symmetrized', '--thermo', '--temp_min=0.1', '--temp_max=2.0', '--temp_bins=20']' returned non-zero exit status 1.
2025-12-21 06:33:39,096 - ERROR - Stdout: ========================================
ED Configuration Summary
========================================

Method: FULL
System: 4 sites, spin = 0.5
Eigenvalues: 16 (tol=1e-10)
Output: nlc_fit_work_dir/ed_results_order_2/cluster_1_order_1/output
  - Running symmetrized diagonalization
  - Computing thermodynamics
========================================
Running automorphism finder: python /home/pc_linux/exact_diagonalization_clean/exact_diagonalization_cpp/include/ed/core/automorphism_finder.py --data_dir="nlc_fit_work_dir/hamiltonians_order_2/cluster_1_order_1"
Symmetrized basis (HDF5) not found. Generating...

=== Generating Symmetrized Basis (HDF5) ===

2025-12-21 06:33:39,096 - ERROR - Stderr: Error: Could not write config to nlc_fit_work_dir/ed_results_order_2/cluster_1_order_1/output/ed_config.txt
[DEBUG] exact_diagonalization_from_directory_symmetrized: num_sites=4, method=13
python: can't open file '/home/pc_linux/exact_diagonalization_clean/exact_diagonalization_cpp/include/ed/core/automorphism_finder.py': [Errno 2] No such file or directory
Warning: System command failed with code 512: python /home/pc_linux/exact_diagonalization_clean/exact_diagonalization_cpp/include/ed/core/automorphism_finder.py --data_dir="nlc_fit_work_dir/hamiltonians_order_2/cluster_1_order_1"
Warning: Automorphism finder failed

Error: Could not open max_clique.json: nlc_fit_work_dir/hamiltonians_order_2/cluster_1_order_1/automorphism_results/max_clique.json

2025-12-21 06:33:39,599 - ERROR - Error running ED for cluster 2: Command '['../../../build/ED', 'nlc_fit_work_dir/hamiltonians_order_2/cluster_2_order_2', '--method=FULL', '--eigenvalues=FULL', '--output=nlc_fit_work_dir/ed_results_order_2/cluster_2_order_2/output', '--num_sites=7', '--spin_length=0.5', '--symmetrized', '--thermo', '--temp_min=0.1', '--temp_max=2.0', '--temp_bins=20']' returned non-zero exit status 1.
2025-12-21 06:33:39,599 - ERROR - Stdout: ========================================
ED Configuration Summary
========================================

Method: FULL
System: 7 sites, spin = 0.5
Eigenvalues: 128 (tol=1e-10)
Output: nlc_fit_work_dir/ed_results_order_2/cluster_2_order_2/output
  - Running symmetrized diagonalization
  - Computing thermodynamics
========================================
Running automorphism finder: python /home/pc_linux/exact_diagonalization_clean/exact_diagonalization_cpp/include/ed/core/automorphism_finder.py --data_dir="nlc_fit_work_dir/hamiltonians_order_2/cluster_2_order_2"
Symmetrized basis (HDF5) not found. Generating...

=== Generating Symmetrized Basis (HDF5) ===

2025-12-21 06:33:39,599 - ERROR - Stderr: Error: Could not write config to nlc_fit_work_dir/ed_results_order_2/cluster_2_order_2/output/ed_config.txt
[DEBUG] exact_diagonalization_from_directory_symmetrized: num_sites=7, method=13
python: can't open file '/home/pc_linux/exact_diagonalization_clean/exact_diagonalization_cpp/include/ed/core/automorphism_finder.py': [Errno 2] No such file or directory
Warning: System command failed with code 512: python /home/pc_linux/exact_diagonalization_clean/exact_diagonalization_cpp/include/ed/core/automorphism_finder.py --data_dir="nlc_fit_work_dir/hamiltonians_order_2/cluster_2_order_2"
Warning: Automorphism finder failed

Error: Could not open max_clique.json: nlc_fit_work_dir/hamiltonians_order_2/cluster_2_order_2/automorphism_results/max_clique.json

2025-12-21 06:33:39,600 - INFO - ================================================================================
2025-12-21 06:33:39,600 - INFO - Step 3.5: Plotting thermodynamic data for each cluster
2025-12-21 06:33:39,600 - INFO - ================================================================================
2025-12-21 06:33:39,817 - WARNING - No thermodynamic data found for cluster 1
2025-12-21 06:33:39,817 - WARNING - No thermodynamic data found for cluster 2
2025-12-21 06:33:39,817 - INFO - ================================================================================
2025-12-21 06:33:39,817 - INFO - Step 4: Performing NLCE summation
2025-12-21 06:33:39,817 - INFO - ================================================================================
2025-12-21 06:33:39,817 - INFO - Running command: python3 /home/pc_linux/exact_diagonalization_clean/exact_diagonalization_cpp/workflows/nlce/analysis/../run/NLC_sum.py --cluster_dir=nlc_fit_work_dir/clusters_order_2/cluster_info_order_2 --eigenvalue_dir=nlc_fit_work_dir/ed_results_order_2 --output_dir=nlc_fit_work_dir/nlc_results_order_2 --plot --temp_min=0.1 --temp_max=2.0 --temp_bins=20 --resummation_method=auto --SI_units
2025-12-21 06:33:40,716 - INFO - NLCE summation completed successfully.
2025-12-21 06:33:40,716 - INFO - ================================================================================
2025-12-21 06:33:40,716 - INFO - NLCE workflow completed!
2025-12-21 06:33:40,716 - INFO - Results are available in nlc_fit_work_dir
2025-12-21 06:33:40,716 - INFO - ================================================================================
2025-12-21 06:33:41,539 - INFO - Skipping cluster generation step.
2025-12-21 06:33:41,539 - INFO - Found 2 clusters to process.
2025-12-21 06:33:41,540 - INFO - ================================================================================
2025-12-21 06:33:41,540 - INFO - Step 2: Preparing Hamiltonian parameters for each cluster
2025-12-21 06:33:41,540 - INFO - ================================================================================
2025-12-21 06:33:41,542 - INFO - Preparing Hamiltonian for cluster 1 (order 1)
2025-12-21 06:33:42,103 - INFO - Preparing Hamiltonian for cluster 2 (order 2)
2025-12-21 06:33:42,706 - INFO - ================================================================================
2025-12-21 06:33:42,706 - INFO - Step 3: Running Exact Diagonalization for each cluster
2025-12-21 06:33:42,706 - INFO - ================================================================================
2025-12-21 06:33:43,239 - ERROR - Error running ED for cluster 1: Command '['../../../build/ED', 'nlc_fit_work_dir/hamiltonians_order_2/cluster_1_order_1', '--method=FULL', '--eigenvalues=FULL', '--output=nlc_fit_work_dir/ed_results_order_2/cluster_1_order_1/output', '--num_sites=4', '--spin_length=0.5', '--symmetrized', '--thermo', '--temp_min=0.1', '--temp_max=2.0', '--temp_bins=20']' returned non-zero exit status 1.
2025-12-21 06:33:43,239 - ERROR - Stdout: ========================================
ED Configuration Summary
========================================

Method: FULL
System: 4 sites, spin = 0.5
Eigenvalues: 16 (tol=1e-10)
Output: nlc_fit_work_dir/ed_results_order_2/cluster_1_order_1/output
  - Running symmetrized diagonalization
  - Computing thermodynamics
========================================
Running automorphism finder: python /home/pc_linux/exact_diagonalization_clean/exact_diagonalization_cpp/include/ed/core/automorphism_finder.py --data_dir="nlc_fit_work_dir/hamiltonians_order_2/cluster_1_order_1"
Symmetrized basis (HDF5) not found. Generating...

=== Generating Symmetrized Basis (HDF5) ===

2025-12-21 06:33:43,239 - ERROR - Stderr: Error: Could not write config to nlc_fit_work_dir/ed_results_order_2/cluster_1_order_1/output/ed_config.txt
[DEBUG] exact_diagonalization_from_directory_symmetrized: num_sites=4, method=13
python: can't open file '/home/pc_linux/exact_diagonalization_clean/exact_diagonalization_cpp/include/ed/core/automorphism_finder.py': [Errno 2] No such file or directory
Warning: System command failed with code 512: python /home/pc_linux/exact_diagonalization_clean/exact_diagonalization_cpp/include/ed/core/automorphism_finder.py --data_dir="nlc_fit_work_dir/hamiltonians_order_2/cluster_1_order_1"
Warning: Automorphism finder failed

Error: Could not open max_clique.json: nlc_fit_work_dir/hamiltonians_order_2/cluster_1_order_1/automorphism_results/max_clique.json

2025-12-21 06:33:43,746 - ERROR - Error running ED for cluster 2: Command '['../../../build/ED', 'nlc_fit_work_dir/hamiltonians_order_2/cluster_2_order_2', '--method=FULL', '--eigenvalues=FULL', '--output=nlc_fit_work_dir/ed_results_order_2/cluster_2_order_2/output', '--num_sites=7', '--spin_length=0.5', '--symmetrized', '--thermo', '--temp_min=0.1', '--temp_max=2.0', '--temp_bins=20']' returned non-zero exit status 1.
2025-12-21 06:33:43,747 - ERROR - Stdout: ========================================
ED Configuration Summary
========================================

Method: FULL
System: 7 sites, spin = 0.5
Eigenvalues: 128 (tol=1e-10)
Output: nlc_fit_work_dir/ed_results_order_2/cluster_2_order_2/output
  - Running symmetrized diagonalization
  - Computing thermodynamics
========================================
Running automorphism finder: python /home/pc_linux/exact_diagonalization_clean/exact_diagonalization_cpp/include/ed/core/automorphism_finder.py --data_dir="nlc_fit_work_dir/hamiltonians_order_2/cluster_2_order_2"
Symmetrized basis (HDF5) not found. Generating...

=== Generating Symmetrized Basis (HDF5) ===

2025-12-21 06:33:43,747 - ERROR - Stderr: Error: Could not write config to nlc_fit_work_dir/ed_results_order_2/cluster_2_order_2/output/ed_config.txt
[DEBUG] exact_diagonalization_from_directory_symmetrized: num_sites=7, method=13
python: can't open file '/home/pc_linux/exact_diagonalization_clean/exact_diagonalization_cpp/include/ed/core/automorphism_finder.py': [Errno 2] No such file or directory
Warning: System command failed with code 512: python /home/pc_linux/exact_diagonalization_clean/exact_diagonalization_cpp/include/ed/core/automorphism_finder.py --data_dir="nlc_fit_work_dir/hamiltonians_order_2/cluster_2_order_2"
Warning: Automorphism finder failed

Error: Could not open max_clique.json: nlc_fit_work_dir/hamiltonians_order_2/cluster_2_order_2/automorphism_results/max_clique.json

2025-12-21 06:33:43,747 - INFO - ================================================================================
2025-12-21 06:33:43,747 - INFO - Step 3.5: Plotting thermodynamic data for each cluster
2025-12-21 06:33:43,747 - INFO - ================================================================================
2025-12-21 06:33:43,938 - WARNING - No thermodynamic data found for cluster 1
2025-12-21 06:33:43,938 - WARNING - No thermodynamic data found for cluster 2
2025-12-21 06:33:43,938 - INFO - ================================================================================
2025-12-21 06:33:43,938 - INFO - Step 4: Performing NLCE summation
2025-12-21 06:33:43,938 - INFO - ================================================================================
2025-12-21 06:33:43,939 - INFO - Running command: python3 /home/pc_linux/exact_diagonalization_clean/exact_diagonalization_cpp/workflows/nlce/analysis/../run/NLC_sum.py --cluster_dir=nlc_fit_work_dir/clusters_order_2/cluster_info_order_2 --eigenvalue_dir=nlc_fit_work_dir/ed_results_order_2 --output_dir=nlc_fit_work_dir/nlc_results_order_2 --plot --temp_min=0.1 --temp_max=2.0 --temp_bins=20 --resummation_method=auto --SI_units
2025-12-21 06:33:44,792 - INFO - NLCE summation completed successfully.
2025-12-21 06:33:44,793 - INFO - ================================================================================
2025-12-21 06:33:44,793 - INFO - NLCE workflow completed!
2025-12-21 06:33:44,793 - INFO - Results are available in nlc_fit_work_dir
2025-12-21 06:33:44,793 - INFO - ================================================================================
2025-12-21 06:33:45,513 - INFO - Skipping cluster generation step.
2025-12-21 06:33:45,514 - INFO - Found 2 clusters to process.
2025-12-21 06:33:45,514 - INFO - ================================================================================
2025-12-21 06:33:45,514 - INFO - Step 2: Preparing Hamiltonian parameters for each cluster
2025-12-21 06:33:45,514 - INFO - ================================================================================
2025-12-21 06:33:45,516 - INFO - Preparing Hamiltonian for cluster 1 (order 1)
2025-12-21 06:33:46,091 - INFO - Preparing Hamiltonian for cluster 2 (order 2)
2025-12-21 06:33:46,667 - INFO - ================================================================================
2025-12-21 06:33:46,667 - INFO - Step 3: Running Exact Diagonalization for each cluster
2025-12-21 06:33:46,667 - INFO - ================================================================================
2025-12-21 06:33:47,194 - ERROR - Error running ED for cluster 1: Command '['../../../build/ED', 'nlc_fit_work_dir/hamiltonians_order_2/cluster_1_order_1', '--method=FULL', '--eigenvalues=FULL', '--output=nlc_fit_work_dir/ed_results_order_2/cluster_1_order_1/output', '--num_sites=4', '--spin_length=0.5', '--symmetrized', '--thermo', '--temp_min=0.1', '--temp_max=2.0', '--temp_bins=20']' returned non-zero exit status 1.
2025-12-21 06:33:47,194 - ERROR - Stdout: ========================================
ED Configuration Summary
========================================

Method: FULL
System: 4 sites, spin = 0.5
Eigenvalues: 16 (tol=1e-10)
Output: nlc_fit_work_dir/ed_results_order_2/cluster_1_order_1/output
  - Running symmetrized diagonalization
  - Computing thermodynamics
========================================
Running automorphism finder: python /home/pc_linux/exact_diagonalization_clean/exact_diagonalization_cpp/include/ed/core/automorphism_finder.py --data_dir="nlc_fit_work_dir/hamiltonians_order_2/cluster_1_order_1"
Symmetrized basis (HDF5) not found. Generating...

=== Generating Symmetrized Basis (HDF5) ===

2025-12-21 06:33:47,194 - ERROR - Stderr: Error: Could not write config to nlc_fit_work_dir/ed_results_order_2/cluster_1_order_1/output/ed_config.txt
[DEBUG] exact_diagonalization_from_directory_symmetrized: num_sites=4, method=13
python: can't open file '/home/pc_linux/exact_diagonalization_clean/exact_diagonalization_cpp/include/ed/core/automorphism_finder.py': [Errno 2] No such file or directory
Warning: System command failed with code 512: python /home/pc_linux/exact_diagonalization_clean/exact_diagonalization_cpp/include/ed/core/automorphism_finder.py --data_dir="nlc_fit_work_dir/hamiltonians_order_2/cluster_1_order_1"
Warning: Automorphism finder failed

Error: Could not open max_clique.json: nlc_fit_work_dir/hamiltonians_order_2/cluster_1_order_1/automorphism_results/max_clique.json

2025-12-21 06:33:47,687 - ERROR - Error running ED for cluster 2: Command '['../../../build/ED', 'nlc_fit_work_dir/hamiltonians_order_2/cluster_2_order_2', '--method=FULL', '--eigenvalues=FULL', '--output=nlc_fit_work_dir/ed_results_order_2/cluster_2_order_2/output', '--num_sites=7', '--spin_length=0.5', '--symmetrized', '--thermo', '--temp_min=0.1', '--temp_max=2.0', '--temp_bins=20']' returned non-zero exit status 1.
2025-12-21 06:33:47,687 - ERROR - Stdout: ========================================
ED Configuration Summary
========================================

Method: FULL
System: 7 sites, spin = 0.5
Eigenvalues: 128 (tol=1e-10)
Output: nlc_fit_work_dir/ed_results_order_2/cluster_2_order_2/output
  - Running symmetrized diagonalization
  - Computing thermodynamics
========================================
Running automorphism finder: python /home/pc_linux/exact_diagonalization_clean/exact_diagonalization_cpp/include/ed/core/automorphism_finder.py --data_dir="nlc_fit_work_dir/hamiltonians_order_2/cluster_2_order_2"
Symmetrized basis (HDF5) not found. Generating...

=== Generating Symmetrized Basis (HDF5) ===

2025-12-21 06:33:47,687 - ERROR - Stderr: Error: Could not write config to nlc_fit_work_dir/ed_results_order_2/cluster_2_order_2/output/ed_config.txt
[DEBUG] exact_diagonalization_from_directory_symmetrized: num_sites=7, method=13
python: can't open file '/home/pc_linux/exact_diagonalization_clean/exact_diagonalization_cpp/include/ed/core/automorphism_finder.py': [Errno 2] No such file or directory
Warning: System command failed with code 512: python /home/pc_linux/exact_diagonalization_clean/exact_diagonalization_cpp/include/ed/core/automorphism_finder.py --data_dir="nlc_fit_work_dir/hamiltonians_order_2/cluster_2_order_2"
Warning: Automorphism finder failed

Error: Could not open max_clique.json: nlc_fit_work_dir/hamiltonians_order_2/cluster_2_order_2/automorphism_results/max_clique.json

2025-12-21 06:33:47,687 - INFO - ================================================================================
2025-12-21 06:33:47,687 - INFO - Step 3.5: Plotting thermodynamic data for each cluster
2025-12-21 06:33:47,688 - INFO - ================================================================================
2025-12-21 06:33:47,885 - WARNING - No thermodynamic data found for cluster 1
2025-12-21 06:33:47,885 - WARNING - No thermodynamic data found for cluster 2
2025-12-21 06:33:47,885 - INFO - ================================================================================
2025-12-21 06:33:47,885 - INFO - Step 4: Performing NLCE summation
2025-12-21 06:33:47,885 - INFO - ================================================================================
2025-12-21 06:33:47,886 - INFO - Running command: python3 /home/pc_linux/exact_diagonalization_clean/exact_diagonalization_cpp/workflows/nlce/analysis/../run/NLC_sum.py --cluster_dir=nlc_fit_work_dir/clusters_order_2/cluster_info_order_2 --eigenvalue_dir=nlc_fit_work_dir/ed_results_order_2 --output_dir=nlc_fit_work_dir/nlc_results_order_2 --plot --temp_min=0.1 --temp_max=2.0 --temp_bins=20 --resummation_method=auto --SI_units
2025-12-21 06:33:48,751 - INFO - NLCE summation completed successfully.
2025-12-21 06:33:48,751 - INFO - ================================================================================
2025-12-21 06:33:48,751 - INFO - NLCE workflow completed!
2025-12-21 06:33:48,752 - INFO - Results are available in nlc_fit_work_dir
2025-12-21 06:33:48,752 - INFO - ================================================================================
2025-12-21 06:33:49,600 - INFO - Skipping cluster generation step.
2025-12-21 06:33:49,600 - INFO - Found 2 clusters to process.
2025-12-21 06:33:49,600 - INFO - ================================================================================
2025-12-21 06:33:49,600 - INFO - Step 2: Preparing Hamiltonian parameters for each cluster
2025-12-21 06:33:49,601 - INFO - ================================================================================
2025-12-21 06:33:49,603 - INFO - Preparing Hamiltonian for cluster 1 (order 1)
2025-12-21 06:33:50,172 - INFO - Preparing Hamiltonian for cluster 2 (order 2)
2025-12-21 06:33:48,921 - INFO - ================================================================================
2025-12-21 06:33:48,921 - INFO - Step 3: Running Exact Diagonalization for each cluster
2025-12-21 06:33:48,921 - INFO - ================================================================================
2025-12-21 06:33:49,461 - ERROR - Error running ED for cluster 1: Command '['../../../build/ED', 'nlc_fit_work_dir/hamiltonians_order_2/cluster_1_order_1', '--method=FULL', '--eigenvalues=FULL', '--output=nlc_fit_work_dir/ed_results_order_2/cluster_1_order_1/output', '--num_sites=4', '--spin_length=0.5', '--symmetrized', '--thermo', '--temp_min=0.1', '--temp_max=2.0', '--temp_bins=20']' returned non-zero exit status 1.
2025-12-21 06:33:49,461 - ERROR - Stdout: ========================================
ED Configuration Summary
========================================

Method: FULL
System: 4 sites, spin = 0.5
Eigenvalues: 16 (tol=1e-10)
Output: nlc_fit_work_dir/ed_results_order_2/cluster_1_order_1/output
  - Running symmetrized diagonalization
  - Computing thermodynamics
========================================
Running automorphism finder: python /home/pc_linux/exact_diagonalization_clean/exact_diagonalization_cpp/include/ed/core/automorphism_finder.py --data_dir="nlc_fit_work_dir/hamiltonians_order_2/cluster_1_order_1"
Symmetrized basis (HDF5) not found. Generating...

=== Generating Symmetrized Basis (HDF5) ===

2025-12-21 06:33:49,462 - ERROR - Stderr: Error: Could not write config to nlc_fit_work_dir/ed_results_order_2/cluster_1_order_1/output/ed_config.txt
[DEBUG] exact_diagonalization_from_directory_symmetrized: num_sites=4, method=13
python: can't open file '/home/pc_linux/exact_diagonalization_clean/exact_diagonalization_cpp/include/ed/core/automorphism_finder.py': [Errno 2] No such file or directory
Warning: System command failed with code 512: python /home/pc_linux/exact_diagonalization_clean/exact_diagonalization_cpp/include/ed/core/automorphism_finder.py --data_dir="nlc_fit_work_dir/hamiltonians_order_2/cluster_1_order_1"
Warning: Automorphism finder failed

Error: Could not open max_clique.json: nlc_fit_work_dir/hamiltonians_order_2/cluster_1_order_1/automorphism_results/max_clique.json

2025-12-21 06:33:49,963 - ERROR - Error running ED for cluster 2: Command '['../../../build/ED', 'nlc_fit_work_dir/hamiltonians_order_2/cluster_2_order_2', '--method=FULL', '--eigenvalues=FULL', '--output=nlc_fit_work_dir/ed_results_order_2/cluster_2_order_2/output', '--num_sites=7', '--spin_length=0.5', '--symmetrized', '--thermo', '--temp_min=0.1', '--temp_max=2.0', '--temp_bins=20']' returned non-zero exit status 1.
2025-12-21 06:33:49,963 - ERROR - Stdout: ========================================
ED Configuration Summary
========================================

Method: FULL
System: 7 sites, spin = 0.5
Eigenvalues: 128 (tol=1e-10)
Output: nlc_fit_work_dir/ed_results_order_2/cluster_2_order_2/output
  - Running symmetrized diagonalization
  - Computing thermodynamics
========================================
Running automorphism finder: python /home/pc_linux/exact_diagonalization_clean/exact_diagonalization_cpp/include/ed/core/automorphism_finder.py --data_dir="nlc_fit_work_dir/hamiltonians_order_2/cluster_2_order_2"
Symmetrized basis (HDF5) not found. Generating...

=== Generating Symmetrized Basis (HDF5) ===

2025-12-21 06:33:49,963 - ERROR - Stderr: Error: Could not write config to nlc_fit_work_dir/ed_results_order_2/cluster_2_order_2/output/ed_config.txt
[DEBUG] exact_diagonalization_from_directory_symmetrized: num_sites=7, method=13
python: can't open file '/home/pc_linux/exact_diagonalization_clean/exact_diagonalization_cpp/include/ed/core/automorphism_finder.py': [Errno 2] No such file or directory
Warning: System command failed with code 512: python /home/pc_linux/exact_diagonalization_clean/exact_diagonalization_cpp/include/ed/core/automorphism_finder.py --data_dir="nlc_fit_work_dir/hamiltonians_order_2/cluster_2_order_2"
Warning: Automorphism finder failed

Error: Could not open max_clique.json: nlc_fit_work_dir/hamiltonians_order_2/cluster_2_order_2/automorphism_results/max_clique.json

2025-12-21 06:33:49,964 - INFO - ================================================================================
2025-12-21 06:33:49,964 - INFO - Step 3.5: Plotting thermodynamic data for each cluster
2025-12-21 06:33:49,964 - INFO - ================================================================================
2025-12-21 06:33:50,176 - WARNING - No thermodynamic data found for cluster 1
2025-12-21 06:33:50,176 - WARNING - No thermodynamic data found for cluster 2
2025-12-21 06:33:50,176 - INFO - ================================================================================
2025-12-21 06:33:50,176 - INFO - Step 4: Performing NLCE summation
2025-12-21 06:33:50,176 - INFO - ================================================================================
2025-12-21 06:33:50,176 - INFO - Running command: python3 /home/pc_linux/exact_diagonalization_clean/exact_diagonalization_cpp/workflows/nlce/analysis/../run/NLC_sum.py --cluster_dir=nlc_fit_work_dir/clusters_order_2/cluster_info_order_2 --eigenvalue_dir=nlc_fit_work_dir/ed_results_order_2 --output_dir=nlc_fit_work_dir/nlc_results_order_2 --plot --temp_min=0.1 --temp_max=2.0 --temp_bins=20 --resummation_method=auto --SI_units
2025-12-21 06:33:51,072 - INFO - NLCE summation completed successfully.
2025-12-21 06:33:51,072 - INFO - ================================================================================
2025-12-21 06:33:51,072 - INFO - NLCE workflow completed!
2025-12-21 06:33:51,072 - INFO - Results are available in nlc_fit_work_dir
2025-12-21 06:33:51,073 - INFO - ================================================================================
2025-12-21 06:33:51,819 - INFO - Skipping cluster generation step.
2025-12-21 06:33:51,819 - INFO - Found 2 clusters to process.
2025-12-21 06:33:51,819 - INFO - ================================================================================
2025-12-21 06:33:51,819 - INFO - Step 2: Preparing Hamiltonian parameters for each cluster
2025-12-21 06:33:51,819 - INFO - ================================================================================
2025-12-21 06:33:51,822 - INFO - Preparing Hamiltonian for cluster 1 (order 1)
2025-12-21 06:33:52,372 - INFO - Preparing Hamiltonian for cluster 2 (order 2)
2025-12-21 06:33:53,007 - INFO - ================================================================================
2025-12-21 06:33:53,007 - INFO - Step 3: Running Exact Diagonalization for each cluster
2025-12-21 06:33:53,007 - INFO - ================================================================================
2025-12-21 06:33:53,544 - ERROR - Error running ED for cluster 1: Command '['../../../build/ED', 'nlc_fit_work_dir/hamiltonians_order_2/cluster_1_order_1', '--method=FULL', '--eigenvalues=FULL', '--output=nlc_fit_work_dir/ed_results_order_2/cluster_1_order_1/output', '--num_sites=4', '--spin_length=0.5', '--symmetrized', '--thermo', '--temp_min=0.1', '--temp_max=2.0', '--temp_bins=20']' returned non-zero exit status 1.
2025-12-21 06:33:53,544 - ERROR - Stdout: ========================================
ED Configuration Summary
========================================

Method: FULL
System: 4 sites, spin = 0.5
Eigenvalues: 16 (tol=1e-10)
Output: nlc_fit_work_dir/ed_results_order_2/cluster_1_order_1/output
  - Running symmetrized diagonalization
  - Computing thermodynamics
========================================
Running automorphism finder: python /home/pc_linux/exact_diagonalization_clean/exact_diagonalization_cpp/include/ed/core/automorphism_finder.py --data_dir="nlc_fit_work_dir/hamiltonians_order_2/cluster_1_order_1"
Symmetrized basis (HDF5) not found. Generating...

=== Generating Symmetrized Basis (HDF5) ===

2025-12-21 06:33:53,544 - ERROR - Stderr: Error: Could not write config to nlc_fit_work_dir/ed_results_order_2/cluster_1_order_1/output/ed_config.txt
[DEBUG] exact_diagonalization_from_directory_symmetrized: num_sites=4, method=13
python: can't open file '/home/pc_linux/exact_diagonalization_clean/exact_diagonalization_cpp/include/ed/core/automorphism_finder.py': [Errno 2] No such file or directory
Warning: System command failed with code 512: python /home/pc_linux/exact_diagonalization_clean/exact_diagonalization_cpp/include/ed/core/automorphism_finder.py --data_dir="nlc_fit_work_dir/hamiltonians_order_2/cluster_1_order_1"
Warning: Automorphism finder failed

Error: Could not open max_clique.json: nlc_fit_work_dir/hamiltonians_order_2/cluster_1_order_1/automorphism_results/max_clique.json

2025-12-21 06:33:54,045 - ERROR - Error running ED for cluster 2: Command '['../../../build/ED', 'nlc_fit_work_dir/hamiltonians_order_2/cluster_2_order_2', '--method=FULL', '--eigenvalues=FULL', '--output=nlc_fit_work_dir/ed_results_order_2/cluster_2_order_2/output', '--num_sites=7', '--spin_length=0.5', '--symmetrized', '--thermo', '--temp_min=0.1', '--temp_max=2.0', '--temp_bins=20']' returned non-zero exit status 1.
2025-12-21 06:33:54,045 - ERROR - Stdout: ========================================
ED Configuration Summary
========================================

Method: FULL
System: 7 sites, spin = 0.5
Eigenvalues: 128 (tol=1e-10)
Output: nlc_fit_work_dir/ed_results_order_2/cluster_2_order_2/output
  - Running symmetrized diagonalization
  - Computing thermodynamics
========================================
Running automorphism finder: python /home/pc_linux/exact_diagonalization_clean/exact_diagonalization_cpp/include/ed/core/automorphism_finder.py --data_dir="nlc_fit_work_dir/hamiltonians_order_2/cluster_2_order_2"
Symmetrized basis (HDF5) not found. Generating...

=== Generating Symmetrized Basis (HDF5) ===

2025-12-21 06:33:54,045 - ERROR - Stderr: Error: Could not write config to nlc_fit_work_dir/ed_results_order_2/cluster_2_order_2/output/ed_config.txt
[DEBUG] exact_diagonalization_from_directory_symmetrized: num_sites=7, method=13
python: can't open file '/home/pc_linux/exact_diagonalization_clean/exact_diagonalization_cpp/include/ed/core/automorphism_finder.py': [Errno 2] No such file or directory
Warning: System command failed with code 512: python /home/pc_linux/exact_diagonalization_clean/exact_diagonalization_cpp/include/ed/core/automorphism_finder.py --data_dir="nlc_fit_work_dir/hamiltonians_order_2/cluster_2_order_2"
Warning: Automorphism finder failed

Error: Could not open max_clique.json: nlc_fit_work_dir/hamiltonians_order_2/cluster_2_order_2/automorphism_results/max_clique.json

2025-12-21 06:33:54,045 - INFO - ================================================================================
2025-12-21 06:33:54,045 - INFO - Step 3.5: Plotting thermodynamic data for each cluster
2025-12-21 06:33:54,046 - INFO - ================================================================================
2025-12-21 06:33:54,250 - WARNING - No thermodynamic data found for cluster 1
2025-12-21 06:33:54,250 - WARNING - No thermodynamic data found for cluster 2
2025-12-21 06:33:54,250 - INFO - ================================================================================
2025-12-21 06:33:54,250 - INFO - Step 4: Performing NLCE summation
2025-12-21 06:33:54,251 - INFO - ================================================================================
2025-12-21 06:33:54,251 - INFO - Running command: python3 /home/pc_linux/exact_diagonalization_clean/exact_diagonalization_cpp/workflows/nlce/analysis/../run/NLC_sum.py --cluster_dir=nlc_fit_work_dir/clusters_order_2/cluster_info_order_2 --eigenvalue_dir=nlc_fit_work_dir/ed_results_order_2 --output_dir=nlc_fit_work_dir/nlc_results_order_2 --plot --temp_min=0.1 --temp_max=2.0 --temp_bins=20 --resummation_method=auto --SI_units
2025-12-21 06:33:55,106 - INFO - NLCE summation completed successfully.
2025-12-21 06:33:55,106 - INFO - ================================================================================
2025-12-21 06:33:55,106 - INFO - NLCE workflow completed!
2025-12-21 06:33:55,106 - INFO - Results are available in nlc_fit_work_dir
2025-12-21 06:33:55,106 - INFO - ================================================================================
2025-12-21 06:33:55,925 - INFO - Skipping cluster generation step.
2025-12-21 06:33:55,926 - INFO - Found 2 clusters to process.
2025-12-21 06:33:55,926 - INFO - ================================================================================
2025-12-21 06:33:55,926 - INFO - Step 2: Preparing Hamiltonian parameters for each cluster
2025-12-21 06:33:55,926 - INFO - ================================================================================
2025-12-21 06:33:55,934 - INFO - Preparing Hamiltonian for cluster 1 (order 1)
2025-12-21 06:33:56,485 - INFO - Preparing Hamiltonian for cluster 2 (order 2)
2025-12-21 06:33:57,091 - INFO - ================================================================================
2025-12-21 06:33:57,091 - INFO - Step 3: Running Exact Diagonalization for each cluster
2025-12-21 06:33:57,091 - INFO - ================================================================================
2025-12-21 06:33:57,624 - ERROR - Error running ED for cluster 1: Command '['../../../build/ED', 'nlc_fit_work_dir/hamiltonians_order_2/cluster_1_order_1', '--method=FULL', '--eigenvalues=FULL', '--output=nlc_fit_work_dir/ed_results_order_2/cluster_1_order_1/output', '--num_sites=4', '--spin_length=0.5', '--symmetrized', '--thermo', '--temp_min=0.1', '--temp_max=2.0', '--temp_bins=20']' returned non-zero exit status 1.
2025-12-21 06:33:57,624 - ERROR - Stdout: ========================================
ED Configuration Summary
========================================

Method: FULL
System: 4 sites, spin = 0.5
Eigenvalues: 16 (tol=1e-10)
Output: nlc_fit_work_dir/ed_results_order_2/cluster_1_order_1/output
  - Running symmetrized diagonalization
  - Computing thermodynamics
========================================
Running automorphism finder: python /home/pc_linux/exact_diagonalization_clean/exact_diagonalization_cpp/include/ed/core/automorphism_finder.py --data_dir="nlc_fit_work_dir/hamiltonians_order_2/cluster_1_order_1"
Symmetrized basis (HDF5) not found. Generating...

=== Generating Symmetrized Basis (HDF5) ===

2025-12-21 06:33:57,624 - ERROR - Stderr: Error: Could not write config to nlc_fit_work_dir/ed_results_order_2/cluster_1_order_1/output/ed_config.txt
[DEBUG] exact_diagonalization_from_directory_symmetrized: num_sites=4, method=13
python: can't open file '/home/pc_linux/exact_diagonalization_clean/exact_diagonalization_cpp/include/ed/core/automorphism_finder.py': [Errno 2] No such file or directory
Warning: System command failed with code 512: python /home/pc_linux/exact_diagonalization_clean/exact_diagonalization_cpp/include/ed/core/automorphism_finder.py --data_dir="nlc_fit_work_dir/hamiltonians_order_2/cluster_1_order_1"
Warning: Automorphism finder failed

Error: Could not open max_clique.json: nlc_fit_work_dir/hamiltonians_order_2/cluster_1_order_1/automorphism_results/max_clique.json

2025-12-21 06:33:58,123 - ERROR - Error running ED for cluster 2: Command '['../../../build/ED', 'nlc_fit_work_dir/hamiltonians_order_2/cluster_2_order_2', '--method=FULL', '--eigenvalues=FULL', '--output=nlc_fit_work_dir/ed_results_order_2/cluster_2_order_2/output', '--num_sites=7', '--spin_length=0.5', '--symmetrized', '--thermo', '--temp_min=0.1', '--temp_max=2.0', '--temp_bins=20']' returned non-zero exit status 1.
2025-12-21 06:33:58,123 - ERROR - Stdout: ========================================
ED Configuration Summary
========================================

Method: FULL
System: 7 sites, spin = 0.5
Eigenvalues: 128 (tol=1e-10)
Output: nlc_fit_work_dir/ed_results_order_2/cluster_2_order_2/output
  - Running symmetrized diagonalization
  - Computing thermodynamics
========================================
Running automorphism finder: python /home/pc_linux/exact_diagonalization_clean/exact_diagonalization_cpp/include/ed/core/automorphism_finder.py --data_dir="nlc_fit_work_dir/hamiltonians_order_2/cluster_2_order_2"
Symmetrized basis (HDF5) not found. Generating...

=== Generating Symmetrized Basis (HDF5) ===

2025-12-21 06:33:58,123 - ERROR - Stderr: Error: Could not write config to nlc_fit_work_dir/ed_results_order_2/cluster_2_order_2/output/ed_config.txt
[DEBUG] exact_diagonalization_from_directory_symmetrized: num_sites=7, method=13
python: can't open file '/home/pc_linux/exact_diagonalization_clean/exact_diagonalization_cpp/include/ed/core/automorphism_finder.py': [Errno 2] No such file or directory
Warning: System command failed with code 512: python /home/pc_linux/exact_diagonalization_clean/exact_diagonalization_cpp/include/ed/core/automorphism_finder.py --data_dir="nlc_fit_work_dir/hamiltonians_order_2/cluster_2_order_2"
Warning: Automorphism finder failed

Error: Could not open max_clique.json: nlc_fit_work_dir/hamiltonians_order_2/cluster_2_order_2/automorphism_results/max_clique.json

2025-12-21 06:33:58,124 - INFO - ================================================================================
2025-12-21 06:33:58,124 - INFO - Step 3.5: Plotting thermodynamic data for each cluster
2025-12-21 06:33:58,124 - INFO - ================================================================================
2025-12-21 06:33:58,323 - WARNING - No thermodynamic data found for cluster 1
2025-12-21 06:33:58,323 - WARNING - No thermodynamic data found for cluster 2
2025-12-21 06:33:58,323 - INFO - ================================================================================
2025-12-21 06:33:58,324 - INFO - Step 4: Performing NLCE summation
2025-12-21 06:33:58,324 - INFO - ================================================================================
2025-12-21 06:33:58,324 - INFO - Running command: python3 /home/pc_linux/exact_diagonalization_clean/exact_diagonalization_cpp/workflows/nlce/analysis/../run/NLC_sum.py --cluster_dir=nlc_fit_work_dir/clusters_order_2/cluster_info_order_2 --eigenvalue_dir=nlc_fit_work_dir/ed_results_order_2 --output_dir=nlc_fit_work_dir/nlc_results_order_2 --plot --temp_min=0.1 --temp_max=2.0 --temp_bins=20 --resummation_method=auto --SI_units
2025-12-21 06:33:59,181 - INFO - NLCE summation completed successfully.
2025-12-21 06:33:59,181 - INFO - ================================================================================
2025-12-21 06:33:59,181 - INFO - NLCE workflow completed!
2025-12-21 06:33:59,181 - INFO - Results are available in nlc_fit_work_dir
2025-12-21 06:33:59,181 - INFO - ================================================================================
2025-12-21 06:33:59,927 - INFO - Skipping cluster generation step.
2025-12-21 06:33:59,928 - INFO - Found 2 clusters to process.
2025-12-21 06:33:59,928 - INFO - ================================================================================
2025-12-21 06:33:59,928 - INFO - Step 2: Preparing Hamiltonian parameters for each cluster
2025-12-21 06:33:59,928 - INFO - ================================================================================
2025-12-21 06:33:59,930 - INFO - Preparing Hamiltonian for cluster 1 (order 1)
2025-12-21 06:34:00,490 - INFO - Preparing Hamiltonian for cluster 2 (order 2)
2025-12-21 06:34:01,079 - INFO - ================================================================================
2025-12-21 06:34:01,080 - INFO - Step 3: Running Exact Diagonalization for each cluster
2025-12-21 06:34:01,080 - INFO - ================================================================================
2025-12-21 06:34:01,635 - ERROR - Error running ED for cluster 1: Command '['../../../build/ED', 'nlc_fit_work_dir/hamiltonians_order_2/cluster_1_order_1', '--method=FULL', '--eigenvalues=FULL', '--output=nlc_fit_work_dir/ed_results_order_2/cluster_1_order_1/output', '--num_sites=4', '--spin_length=0.5', '--symmetrized', '--thermo', '--temp_min=0.1', '--temp_max=2.0', '--temp_bins=20']' returned non-zero exit status 1.
2025-12-21 06:34:01,635 - ERROR - Stdout: ========================================
ED Configuration Summary
========================================

Method: FULL
System: 4 sites, spin = 0.5
Eigenvalues: 16 (tol=1e-10)
Output: nlc_fit_work_dir/ed_results_order_2/cluster_1_order_1/output
  - Running symmetrized diagonalization
  - Computing thermodynamics
========================================
Running automorphism finder: python /home/pc_linux/exact_diagonalization_clean/exact_diagonalization_cpp/include/ed/core/automorphism_finder.py --data_dir="nlc_fit_work_dir/hamiltonians_order_2/cluster_1_order_1"
Symmetrized basis (HDF5) not found. Generating...

=== Generating Symmetrized Basis (HDF5) ===

2025-12-21 06:34:01,635 - ERROR - Stderr: Error: Could not write config to nlc_fit_work_dir/ed_results_order_2/cluster_1_order_1/output/ed_config.txt
[DEBUG] exact_diagonalization_from_directory_symmetrized: num_sites=4, method=13
python: can't open file '/home/pc_linux/exact_diagonalization_clean/exact_diagonalization_cpp/include/ed/core/automorphism_finder.py': [Errno 2] No such file or directory
Warning: System command failed with code 512: python /home/pc_linux/exact_diagonalization_clean/exact_diagonalization_cpp/include/ed/core/automorphism_finder.py --data_dir="nlc_fit_work_dir/hamiltonians_order_2/cluster_1_order_1"
Warning: Automorphism finder failed

Error: Could not open max_clique.json: nlc_fit_work_dir/hamiltonians_order_2/cluster_1_order_1/automorphism_results/max_clique.json

2025-12-21 06:34:02,136 - ERROR - Error running ED for cluster 2: Command '['../../../build/ED', 'nlc_fit_work_dir/hamiltonians_order_2/cluster_2_order_2', '--method=FULL', '--eigenvalues=FULL', '--output=nlc_fit_work_dir/ed_results_order_2/cluster_2_order_2/output', '--num_sites=7', '--spin_length=0.5', '--symmetrized', '--thermo', '--temp_min=0.1', '--temp_max=2.0', '--temp_bins=20']' returned non-zero exit status 1.
2025-12-21 06:34:02,136 - ERROR - Stdout: ========================================
ED Configuration Summary
========================================

Method: FULL
System: 7 sites, spin = 0.5
Eigenvalues: 128 (tol=1e-10)
Output: nlc_fit_work_dir/ed_results_order_2/cluster_2_order_2/output
  - Running symmetrized diagonalization
  - Computing thermodynamics
========================================
Running automorphism finder: python /home/pc_linux/exact_diagonalization_clean/exact_diagonalization_cpp/include/ed/core/automorphism_finder.py --data_dir="nlc_fit_work_dir/hamiltonians_order_2/cluster_2_order_2"
Symmetrized basis (HDF5) not found. Generating...

=== Generating Symmetrized Basis (HDF5) ===

2025-12-21 06:34:02,136 - ERROR - Stderr: Error: Could not write config to nlc_fit_work_dir/ed_results_order_2/cluster_2_order_2/output/ed_config.txt
[DEBUG] exact_diagonalization_from_directory_symmetrized: num_sites=7, method=13
python: can't open file '/home/pc_linux/exact_diagonalization_clean/exact_diagonalization_cpp/include/ed/core/automorphism_finder.py': [Errno 2] No such file or directory
Warning: System command failed with code 512: python /home/pc_linux/exact_diagonalization_clean/exact_diagonalization_cpp/include/ed/core/automorphism_finder.py --data_dir="nlc_fit_work_dir/hamiltonians_order_2/cluster_2_order_2"
Warning: Automorphism finder failed

Error: Could not open max_clique.json: nlc_fit_work_dir/hamiltonians_order_2/cluster_2_order_2/automorphism_results/max_clique.json

2025-12-21 06:34:02,136 - INFO - ================================================================================
2025-12-21 06:34:02,136 - INFO - Step 3.5: Plotting thermodynamic data for each cluster
2025-12-21 06:34:02,136 - INFO - ================================================================================
2025-12-21 06:34:02,339 - WARNING - No thermodynamic data found for cluster 1
2025-12-21 06:34:02,339 - WARNING - No thermodynamic data found for cluster 2
2025-12-21 06:34:02,339 - INFO - ================================================================================
2025-12-21 06:34:02,340 - INFO - Step 4: Performing NLCE summation
2025-12-21 06:34:02,340 - INFO - ================================================================================
2025-12-21 06:34:02,340 - INFO - Running command: python3 /home/pc_linux/exact_diagonalization_clean/exact_diagonalization_cpp/workflows/nlce/analysis/../run/NLC_sum.py --cluster_dir=nlc_fit_work_dir/clusters_order_2/cluster_info_order_2 --eigenvalue_dir=nlc_fit_work_dir/ed_results_order_2 --output_dir=nlc_fit_work_dir/nlc_results_order_2 --plot --temp_min=0.1 --temp_max=2.0 --temp_bins=20 --resummation_method=auto --SI_units
2025-12-21 06:34:03,235 - INFO - NLCE summation completed successfully.
2025-12-21 06:34:03,235 - INFO - ================================================================================
2025-12-21 06:34:03,236 - INFO - NLCE workflow completed!
2025-12-21 06:34:03,236 - INFO - Results are available in nlc_fit_work_dir
2025-12-21 06:34:03,236 - INFO - ================================================================================
2025-12-21 06:34:03,978 - INFO - Skipping cluster generation step.
2025-12-21 06:34:03,978 - INFO - Found 2 clusters to process.
2025-12-21 06:34:03,978 - INFO - ================================================================================
2025-12-21 06:34:03,978 - INFO - Step 2: Preparing Hamiltonian parameters for each cluster
2025-12-21 06:34:03,978 - INFO - ================================================================================
2025-12-21 06:34:03,981 - INFO - Preparing Hamiltonian for cluster 1 (order 1)
2025-12-21 06:34:04,538 - INFO - Preparing Hamiltonian for cluster 2 (order 2)
2025-12-21 06:34:05,123 - INFO - ================================================================================
2025-12-21 06:34:05,124 - INFO - Step 3: Running Exact Diagonalization for each cluster
2025-12-21 06:34:05,124 - INFO - ================================================================================
2025-12-21 06:34:05,663 - ERROR - Error running ED for cluster 1: Command '['../../../build/ED', 'nlc_fit_work_dir/hamiltonians_order_2/cluster_1_order_1', '--method=FULL', '--eigenvalues=FULL', '--output=nlc_fit_work_dir/ed_results_order_2/cluster_1_order_1/output', '--num_sites=4', '--spin_length=0.5', '--symmetrized', '--thermo', '--temp_min=0.1', '--temp_max=2.0', '--temp_bins=20']' returned non-zero exit status 1.
2025-12-21 06:34:05,663 - ERROR - Stdout: ========================================
ED Configuration Summary
========================================

Method: FULL
System: 4 sites, spin = 0.5
Eigenvalues: 16 (tol=1e-10)
Output: nlc_fit_work_dir/ed_results_order_2/cluster_1_order_1/output
  - Running symmetrized diagonalization
  - Computing thermodynamics
========================================
Running automorphism finder: python /home/pc_linux/exact_diagonalization_clean/exact_diagonalization_cpp/include/ed/core/automorphism_finder.py --data_dir="nlc_fit_work_dir/hamiltonians_order_2/cluster_1_order_1"
Symmetrized basis (HDF5) not found. Generating...

=== Generating Symmetrized Basis (HDF5) ===

2025-12-21 06:34:05,663 - ERROR - Stderr: Error: Could not write config to nlc_fit_work_dir/ed_results_order_2/cluster_1_order_1/output/ed_config.txt
[DEBUG] exact_diagonalization_from_directory_symmetrized: num_sites=4, method=13
python: can't open file '/home/pc_linux/exact_diagonalization_clean/exact_diagonalization_cpp/include/ed/core/automorphism_finder.py': [Errno 2] No such file or directory
Warning: System command failed with code 512: python /home/pc_linux/exact_diagonalization_clean/exact_diagonalization_cpp/include/ed/core/automorphism_finder.py --data_dir="nlc_fit_work_dir/hamiltonians_order_2/cluster_1_order_1"
Warning: Automorphism finder failed

Error: Could not open max_clique.json: nlc_fit_work_dir/hamiltonians_order_2/cluster_1_order_1/automorphism_results/max_clique.json

2025-12-21 06:34:06,165 - ERROR - Error running ED for cluster 2: Command '['../../../build/ED', 'nlc_fit_work_dir/hamiltonians_order_2/cluster_2_order_2', '--method=FULL', '--eigenvalues=FULL', '--output=nlc_fit_work_dir/ed_results_order_2/cluster_2_order_2/output', '--num_sites=7', '--spin_length=0.5', '--symmetrized', '--thermo', '--temp_min=0.1', '--temp_max=2.0', '--temp_bins=20']' returned non-zero exit status 1.
2025-12-21 06:34:06,165 - ERROR - Stdout: ========================================
ED Configuration Summary
========================================

Method: FULL
System: 7 sites, spin = 0.5
Eigenvalues: 128 (tol=1e-10)
Output: nlc_fit_work_dir/ed_results_order_2/cluster_2_order_2/output
  - Running symmetrized diagonalization
  - Computing thermodynamics
========================================
Running automorphism finder: python /home/pc_linux/exact_diagonalization_clean/exact_diagonalization_cpp/include/ed/core/automorphism_finder.py --data_dir="nlc_fit_work_dir/hamiltonians_order_2/cluster_2_order_2"
Symmetrized basis (HDF5) not found. Generating...

=== Generating Symmetrized Basis (HDF5) ===

2025-12-21 06:34:06,165 - ERROR - Stderr: Error: Could not write config to nlc_fit_work_dir/ed_results_order_2/cluster_2_order_2/output/ed_config.txt
[DEBUG] exact_diagonalization_from_directory_symmetrized: num_sites=7, method=13
python: can't open file '/home/pc_linux/exact_diagonalization_clean/exact_diagonalization_cpp/include/ed/core/automorphism_finder.py': [Errno 2] No such file or directory
Warning: System command failed with code 512: python /home/pc_linux/exact_diagonalization_clean/exact_diagonalization_cpp/include/ed/core/automorphism_finder.py --data_dir="nlc_fit_work_dir/hamiltonians_order_2/cluster_2_order_2"
Warning: Automorphism finder failed

Error: Could not open max_clique.json: nlc_fit_work_dir/hamiltonians_order_2/cluster_2_order_2/automorphism_results/max_clique.json

2025-12-21 06:34:06,165 - INFO - ================================================================================
2025-12-21 06:34:06,165 - INFO - Step 3.5: Plotting thermodynamic data for each cluster
2025-12-21 06:34:06,165 - INFO - ================================================================================
2025-12-21 06:34:06,363 - WARNING - No thermodynamic data found for cluster 1
2025-12-21 06:34:06,364 - WARNING - No thermodynamic data found for cluster 2
2025-12-21 06:34:06,364 - INFO - ================================================================================
2025-12-21 06:34:06,364 - INFO - Step 4: Performing NLCE summation
2025-12-21 06:34:06,364 - INFO - ================================================================================
2025-12-21 06:34:06,364 - INFO - Running command: python3 /home/pc_linux/exact_diagonalization_clean/exact_diagonalization_cpp/workflows/nlce/analysis/../run/NLC_sum.py --cluster_dir=nlc_fit_work_dir/clusters_order_2/cluster_info_order_2 --eigenvalue_dir=nlc_fit_work_dir/ed_results_order_2 --output_dir=nlc_fit_work_dir/nlc_results_order_2 --plot --temp_min=0.1 --temp_max=2.0 --temp_bins=20 --resummation_method=auto --SI_units
2025-12-21 06:34:07,210 - INFO - NLCE summation completed successfully.
2025-12-21 06:34:07,210 - INFO - ================================================================================
2025-12-21 06:34:07,210 - INFO - NLCE workflow completed!
2025-12-21 06:34:07,210 - INFO - Results are available in nlc_fit_work_dir
2025-12-21 06:34:07,210 - INFO - ================================================================================
