2025-12-21 06:35:45,889 - INFO - ================================================================================
2025-12-21 06:35:45,889 - INFO - NLCE Workflow with FTLM
2025-12-21 06:35:45,889 - INFO - ================================================================================
2025-12-21 06:35:45,890 - INFO - Max order: 2
2025-12-21 06:35:45,890 - INFO - FTLM samples: 2
2025-12-21 06:35:45,890 - INFO - Krylov dimension: 50
2025-12-21 06:35:45,890 - INFO - Temperature range: [0.1, 2.0]
2025-12-21 06:35:45,890 - INFO - ================================================================================
2025-12-21 06:35:45,898 - INFO - ================================================================================
2025-12-21 06:35:45,898 - INFO - Step 1: Generating topologically distinct clusters
2025-12-21 06:35:45,898 - INFO - ================================================================================
2025-12-21 06:35:45,898 - INFO - Running command: python3 /home/pc_linux/exact_diagonalization_clean/exact_diagonalization_cpp/workflows/nlce/analysis/../run/../prep/generate_pyrochlore_clusters.py --max_order=2 --output_dir=./nlce_ftlm_fit_work/run_a464673f/clusters_order_2 --subunit=site
2025-12-21 06:35:46,433 - INFO - Cluster generation completed successfully.
2025-12-21 06:35:46,434 - INFO - Found 2 clusters to process.
2025-12-21 06:35:46,434 - INFO - ================================================================================
2025-12-21 06:35:46,434 - INFO - Step 2: Preparing Hamiltonian parameters for each cluster
2025-12-21 06:35:46,434 - INFO - ================================================================================
2025-12-21 06:35:46,436 - INFO - Preparing Hamiltonian for cluster 1 (order 1)
2025-12-21 06:35:46,972 - INFO - Preparing Hamiltonian for cluster 2 (order 2)
2025-12-21 06:35:47,554 - INFO - ================================================================================
2025-12-21 06:35:47,554 - INFO - Step 3: Running FTLM for each cluster
2025-12-21 06:35:47,554 - INFO - ================================================================================
2025-12-21 06:35:48,661 - INFO - FTLM completed for cluster 1
2025-12-21 06:35:49,841 - INFO - FTLM completed for cluster 2
2025-12-21 06:35:49,841 - INFO - FTLM completed for 2 of 2 clusters
2025-12-21 06:35:49,841 - INFO - ================================================================================
2025-12-21 06:35:49,841 - INFO - Step 3.5: Plotting FTLM thermodynamic data for each cluster
2025-12-21 06:35:49,841 - INFO - ================================================================================
2025-12-21 06:35:50,410 - INFO - FTLM thermodynamic plots created for cluster 1
2025-12-21 06:35:50,792 - INFO - FTLM thermodynamic plots created for cluster 2
2025-12-21 06:35:50,793 - INFO - ================================================================================
2025-12-21 06:35:50,795 - INFO - Step 4: Performing NLCE summation
2025-12-21 06:35:50,795 - INFO - ================================================================================
2025-12-21 06:35:50,795 - INFO - Running command: python3 /home/pc_linux/exact_diagonalization_clean/exact_diagonalization_cpp/workflows/nlce/analysis/../run/NLC_sum_ftlm.py --cluster_dir=./nlce_ftlm_fit_work/run_a464673f/clusters_order_2/cluster_info_order_2 --ftlm_dir=./nlce_ftlm_fit_work/run_a464673f/ftlm_results_order_2 --output_dir=./nlce_ftlm_fit_work/run_a464673f/nlc_results_order_2 --plot --temp_min=0.1 --temp_max=2.0 --temp_bins=20 --resummation=auto --SI_units
2025-12-21 06:35:51,174 - INFO - NLCE summation completed successfully.
2025-12-21 06:35:51,174 - INFO - ================================================================================
2025-12-21 06:35:51,175 - INFO - NLCE FTLM workflow completed!
2025-12-21 06:35:51,175 - INFO - Results are available in ./nlce_ftlm_fit_work/run_a464673f
2025-12-21 06:35:51,175 - INFO - ================================================================================
