2025-12-21 06:35:31,046 - INFO - ================================================================================
2025-12-21 06:35:31,046 - INFO - NLCE Workflow with FTLM
2025-12-21 06:35:31,046 - INFO - ================================================================================
2025-12-21 06:35:31,046 - INFO - Max order: 2
2025-12-21 06:35:31,046 - INFO - FTLM samples: 2
2025-12-21 06:35:31,046 - INFO - Krylov dimension: 50
2025-12-21 06:35:31,046 - INFO - Temperature range: [0.1, 2.0]
2025-12-21 06:35:31,046 - INFO - ================================================================================
2025-12-21 06:35:31,049 - INFO - ================================================================================
2025-12-21 06:35:31,049 - INFO - Step 1: Generating topologically distinct clusters
2025-12-21 06:35:31,049 - INFO - ================================================================================
2025-12-21 06:35:31,049 - INFO - Running command: python3 /home/pc_linux/exact_diagonalization_clean/exact_diagonalization_cpp/workflows/nlce/analysis/../run/../prep/generate_pyrochlore_clusters.py --max_order=2 --output_dir=./nlce_ftlm_fit_work/run_00e1f316/clusters_order_2 --subunit=site
2025-12-21 06:35:31,609 - INFO - Cluster generation completed successfully.
2025-12-21 06:35:31,610 - INFO - Found 2 clusters to process.
2025-12-21 06:35:31,610 - INFO - ================================================================================
2025-12-21 06:35:31,610 - INFO - Step 2: Preparing Hamiltonian parameters for each cluster
2025-12-21 06:35:31,610 - INFO - ================================================================================
2025-12-21 06:35:31,612 - INFO - Preparing Hamiltonian for cluster 1 (order 1)
2025-12-21 06:35:32,182 - INFO - Preparing Hamiltonian for cluster 2 (order 2)
2025-12-21 06:35:32,833 - INFO - ================================================================================
2025-12-21 06:35:32,833 - INFO - Step 3: Running FTLM for each cluster
2025-12-21 06:35:32,833 - INFO - ================================================================================
2025-12-21 06:35:34,040 - INFO - FTLM completed for cluster 1
2025-12-21 06:35:35,301 - INFO - FTLM completed for cluster 2
2025-12-21 06:35:35,302 - INFO - FTLM completed for 2 of 2 clusters
2025-12-21 06:35:35,302 - INFO - ================================================================================
2025-12-21 06:35:35,302 - INFO - Step 3.5: Plotting FTLM thermodynamic data for each cluster
2025-12-21 06:35:35,302 - INFO - ================================================================================
2025-12-21 06:35:35,888 - INFO - FTLM thermodynamic plots created for cluster 1
2025-12-21 06:35:36,269 - INFO - FTLM thermodynamic plots created for cluster 2
2025-12-21 06:35:36,269 - INFO - ================================================================================
2025-12-21 06:35:36,269 - INFO - Step 4: Performing NLCE summation
2025-12-21 06:35:36,269 - INFO - ================================================================================
2025-12-21 06:35:36,269 - INFO - Running command: python3 /home/pc_linux/exact_diagonalization_clean/exact_diagonalization_cpp/workflows/nlce/analysis/../run/NLC_sum_ftlm.py --cluster_dir=./nlce_ftlm_fit_work/run_00e1f316/clusters_order_2/cluster_info_order_2 --ftlm_dir=./nlce_ftlm_fit_work/run_00e1f316/ftlm_results_order_2 --output_dir=./nlce_ftlm_fit_work/run_00e1f316/nlc_results_order_2 --plot --temp_min=0.1 --temp_max=2.0 --temp_bins=20 --resummation=auto --SI_units
2025-12-21 06:35:38,549 - INFO - NLCE summation completed successfully.
2025-12-21 06:35:38,549 - INFO - ================================================================================
2025-12-21 06:35:38,549 - INFO - NLCE FTLM workflow completed!
2025-12-21 06:35:38,549 - INFO - Results are available in ./nlce_ftlm_fit_work/run_00e1f316
2025-12-21 06:35:38,550 - INFO - ================================================================================
